<?xml version="1.0" encoding="UTF-8"?>
<robot generator="Robot 3.1.2 (Python 3.8.1 on darwin)" generated="20200309 14:05:36.243" rpa="false">
<suite id="s1" name="Visitor" source="/Users/n.pechsiri/Documents/Work/test-robot/test-faceid/visitor/visitor.robot">
<test id="s1-t1" name="Invite Visitor Success">
<kw name="Open Web emp.thingsconnext.co.th/login">
<kw name="Set Selenium Speed" library="Selenium2Library">
<doc>Sets the delay that is waited after each Selenium command.</doc>
<arguments>
<arg>0.25</arg>
</arguments>
<status status="PASS" starttime="20200309 14:05:36.485" endtime="20200309 14:05:36.485"></status>
</kw>
<kw name="Open Browser" library="Selenium2Library">
<doc>Opens a new browser instance to the optional ``url``.</doc>
<arguments>
<arg>${url}</arg>
<arg>${Browsers}</arg>
</arguments>
<msg timestamp="20200309 14:05:36.486" level="INFO">Opening browser 'chrome' to base url 'https://emp.thingsconnext.co.th/login'.</msg>
<status status="PASS" starttime="20200309 14:05:36.485" endtime="20200309 14:05:40.377"></status>
</kw>
<kw name="Maximize Browser Window" library="Selenium2Library">
<doc>Maximizes current browser window.</doc>
<status status="PASS" starttime="20200309 14:05:40.377" endtime="20200309 14:05:40.886"></status>
</kw>
<status status="PASS" starttime="20200309 14:05:36.485" endtime="20200309 14:05:40.886"></status>
</kw>
<kw name="Login Success">
<kw name="Input Text" library="Selenium2Library">
<doc>Types the given ``text`` into the text field identified by ``locator``.</doc>
<arguments>
<arg>//*[@id="app"]/div/div/div/div/div/div[2]/div/form/div[1]/div/div[1]/input</arg>
<arg>${user}</arg>
</arguments>
<msg timestamp="20200309 14:05:40.888" level="INFO">Typing text 'sqa2.ad' into text field '//*[@id="app"]/div/div/div/div/div/div[2]/div/form/div[1]/div/div[1]/input'.</msg>
<status status="PASS" starttime="20200309 14:05:40.887" endtime="20200309 14:05:41.817"></status>
</kw>
<kw name="Input Text" library="Selenium2Library">
<doc>Types the given ``text`` into the text field identified by ``locator``.</doc>
<arguments>
<arg>//*[@id="app"]/div/div/div/div/div/div[2]/div/form/div[2]/div/div[1]/input</arg>
<arg>${password}</arg>
</arguments>
<msg timestamp="20200309 14:05:41.818" level="INFO">Typing text 'hellosqa2ad' into text field '//*[@id="app"]/div/div/div/div/div/div[2]/div/form/div[2]/div/div[1]/input'.</msg>
<status status="PASS" starttime="20200309 14:05:41.817" endtime="20200309 14:05:42.731"></status>
</kw>
<kw name="Click Button" library="Selenium2Library">
<doc>Clicks the button identified by ``locator``.</doc>
<arguments>
<arg>//*[@id="app"]/div/div/div/div/div/div[2]/div/button</arg>
</arguments>
<msg timestamp="20200309 14:05:42.732" level="INFO">Clicking button '//*[@id="app"]/div/div/div/div/div/div[2]/div/button'.</msg>
<status status="PASS" starttime="20200309 14:05:42.731" endtime="20200309 14:05:44.153"></status>
</kw>
<kw name="Sleep" library="BuiltIn">
<doc>Pauses the test executed for the given time.</doc>
<arguments>
<arg>2s</arg>
</arguments>
<msg timestamp="20200309 14:05:46.154" level="INFO">Slept 2 seconds</msg>
<status status="PASS" starttime="20200309 14:05:44.154" endtime="20200309 14:05:46.155"></status>
</kw>
<status status="PASS" starttime="20200309 14:05:40.887" endtime="20200309 14:05:46.155"></status>
</kw>
<kw name="Click Visitor">
<kw name="Click Element" library="Selenium2Library">
<doc>Click the element identified by ``locator``.</doc>
<arguments>
<arg>//div[@class='v-list__tile__title'][contains(text(),'Visitor')]</arg>
</arguments>
<msg timestamp="20200309 14:05:46.155" level="INFO">Clicking element '//div[@class='v-list__tile__title'][contains(text(),'Visitor')]'.</msg>
<status status="PASS" starttime="20200309 14:05:46.155" endtime="20200309 14:05:46.746"></status>
</kw>
<kw name="Sleep" library="BuiltIn">
<doc>Pauses the test executed for the given time.</doc>
<arguments>
<arg>1s</arg>
</arguments>
<msg timestamp="20200309 14:05:47.747" level="INFO">Slept 1 second</msg>
<status status="PASS" starttime="20200309 14:05:46.746" endtime="20200309 14:05:47.747"></status>
</kw>
<status status="PASS" starttime="20200309 14:05:46.155" endtime="20200309 14:05:47.747"></status>
</kw>
<kw name="Add Visitor">
<kw name="Click Element" library="Selenium2Library">
<doc>Click the element identified by ``locator``.</doc>
<arguments>
<arg>//*[@id="main-layout"]/div/main/div/div/div/div/div/div[1]/div[1]/div/div[2]/div[1]/button</arg>
</arguments>
<msg timestamp="20200309 14:05:47.749" level="INFO">Clicking element '//*[@id="main-layout"]/div/main/div/div/div/div/div/div[1]/div[1]/div/div[2]/div[1]/button'.</msg>
<status status="PASS" starttime="20200309 14:05:47.748" endtime="20200309 14:05:48.406"></status>
</kw>
<kw name="Input Text" library="Selenium2Library">
<doc>Types the given ``text`` into the text field identified by ``locator``.</doc>
<arguments>
<arg>//*[@id="main-layout"]/div/main/div/div/div/div/div/div[2]/div/div[2]/div/div/div[1]/div/form/div[1]/div/div/div[1]/input</arg>
<arg>nuttapol.pe@inet.co.th</arg>
</arguments>
<msg timestamp="20200309 14:05:48.406" level="INFO">Typing text 'nuttapol.pe@inet.co.th' into text field '//*[@id="main-layout"]/div/main/div/div/div/div/div/div[2]/div/div[2]/div/div/div[1]/div/form/div[1]/div/div/div[1]/input'.</msg>
<status status="PASS" starttime="20200309 14:05:48.406" endtime="20200309 14:05:49.547"></status>
</kw>
<kw name="Input Text" library="Selenium2Library">
<doc>Types the given ``text`` into the text field identified by ``locator``.</doc>
<arguments>
<arg>//*[@id="main-layout"]/div/main/div/div/div/div/div/div[2]/div/div[2]/div/div/div[1]/div/form/div[2]/div/div/div[1]/div[1]/input</arg>
<arg>ณัฐพล เพ็ชรศิริ</arg>
</arguments>
<msg timestamp="20200309 14:05:49.548" level="INFO">Typing text 'ณัฐพล เพ็ชรศิริ' into text field '//*[@id="main-layout"]/div/main/div/div/div/div/div/div[2]/div/div[2]/div/div/div[1]/div/form/div[2]/div/div/div[1]/div[1]/input'.</msg>
<status status="PASS" starttime="20200309 14:05:49.547" endtime="20200309 14:05:50.567"></status>
</kw>
<kw name="Sleep" library="BuiltIn">
<doc>Pauses the test executed for the given time.</doc>
<arguments>
<arg>2s</arg>
</arguments>
<msg timestamp="20200309 14:05:52.569" level="INFO">Slept 2 seconds</msg>
<status status="PASS" starttime="20200309 14:05:50.567" endtime="20200309 14:05:52.569"></status>
</kw>
<kw name="Click Element" library="Selenium2Library">
<doc>Click the element identified by ``locator``.</doc>
<arguments>
<arg>//body[@class='el-popup-parent--hidden']/div[@class='el-autocomplete-suggestion el-popper']/div[@class='el-scrollbar']/div[1]</arg>
</arguments>
<msg timestamp="20200309 14:05:52.570" level="INFO">Clicking element '//body[@class='el-popup-parent--hidden']/div[@class='el-autocomplete-suggestion el-popper']/div[@class='el-scrollbar']/div[1]'.</msg>
<status status="PASS" starttime="20200309 14:05:52.569" endtime="20200309 14:05:53.186"></status>
</kw>
<kw name="Sleep" library="BuiltIn">
<doc>Pauses the test executed for the given time.</doc>
<arguments>
<arg>2s</arg>
</arguments>
<msg timestamp="20200309 14:05:55.188" level="INFO">Slept 2 seconds</msg>
<status status="PASS" starttime="20200309 14:05:53.186" endtime="20200309 14:05:55.188"></status>
</kw>
<kw name="Click Element" library="Selenium2Library">
<doc>Click the element identified by ``locator``.</doc>
<arguments>
<arg>//*[@id="main-layout"]/div/main/div/div/div/div/div/div[2]/div/div[2]/div/div/div[1]/div/form/div[3]/div/div/div/input[1]</arg>
</arguments>
<msg timestamp="20200309 14:05:55.188" level="INFO">Clicking element '//*[@id="main-layout"]/div/main/div/div/div/div/div/div[2]/div/div[2]/div/div/div[1]/div/form/div[3]/div/div/div/input[1]'.</msg>
<status status="PASS" starttime="20200309 14:05:55.188" endtime="20200309 14:05:55.885"></status>
</kw>
<kw name="Click Element" library="Selenium2Library">
<doc>Click the element identified by ``locator``.</doc>
<arguments>
<arg>//div[@class='el-picker-panel__content el-date-range-picker__content is-left']//tr[4]//td[2]//div[1]//span[1]</arg>
</arguments>
<msg timestamp="20200309 14:05:55.885" level="INFO">Clicking element '//div[@class='el-picker-panel__content el-date-range-picker__content is-left']//tr[4]//td[2]//div[1]//span[1]'.</msg>
<status status="PASS" starttime="20200309 14:05:55.885" endtime="20200309 14:05:56.497"></status>
</kw>
<kw name="Click Element" library="Selenium2Library">
<doc>Click the element identified by ``locator``.</doc>
<arguments>
<arg>//div[@class='el-picker-panel__content el-date-range-picker__content is-left']//table[@class='el-date-table']//tbody//tr[@class='el-date-table__row']//td[@class='available']//div//span[contains(text(),'10')]</arg>
</arguments>
<msg timestamp="20200309 14:05:56.498" level="INFO">Clicking element '//div[@class='el-picker-panel__content el-date-range-picker__content is-left']//table[@class='el-date-table']//tbody//tr[@class='el-date-table__row']//td[@class='available']//div//span[contains(text(),'10')]'.</msg>
<status status="PASS" starttime="20200309 14:05:56.497" endtime="20200309 14:05:57.120"></status>
</kw>
<kw name="Click Element" library="Selenium2Library">
<doc>Click the element identified by ``locator``.</doc>
<arguments>
<arg>//span[contains(text(),'OK')]</arg>
</arguments>
<msg timestamp="20200309 14:05:57.121" level="INFO">Clicking element '//span[contains(text(),'OK')]'.</msg>
<status status="PASS" starttime="20200309 14:05:57.121" endtime="20200309 14:05:57.750"></status>
</kw>
<kw name="Click Element" library="Selenium2Library">
<doc>Click the element identified by ``locator``.</doc>
<arguments>
<arg>//*[@id="main-layout"]/div/main/div/div/div/div/div/div[2]/div/div[2]/div/div/div[2]/button[2]</arg>
</arguments>
<msg timestamp="20200309 14:05:57.750" level="INFO">Clicking element '//*[@id="main-layout"]/div/main/div/div/div/div/div/div[2]/div/div[2]/div/div/div[2]/button[2]'.</msg>
<status status="PASS" starttime="20200309 14:05:57.750" endtime="20200309 14:05:58.381"></status>
</kw>
<kw name="Sleep" library="BuiltIn">
<doc>Pauses the test executed for the given time.</doc>
<arguments>
<arg>2s</arg>
</arguments>
<msg timestamp="20200309 14:06:00.382" level="INFO">Slept 2 seconds</msg>
<status status="PASS" starttime="20200309 14:05:58.381" endtime="20200309 14:06:00.382"></status>
</kw>
<status status="PASS" starttime="20200309 14:05:47.748" endtime="20200309 14:06:00.382"></status>
</kw>
<kw name="Close All Browsers" library="Selenium2Library" type="teardown">
<doc>Closes all open browsers and resets the browser cache.</doc>
<status status="PASS" starttime="20200309 14:06:00.383" endtime="20200309 14:06:00.698"></status>
</kw>
<status status="PASS" starttime="20200309 14:05:36.484" endtime="20200309 14:06:00.698" critical="yes"></status>
</test>
<test id="s1-t2" name="Create Visitor Success">
<kw name="Open Web emp.thingsconnext.co.th/login">
<kw name="Set Selenium Speed" library="Selenium2Library">
<doc>Sets the delay that is waited after each Selenium command.</doc>
<arguments>
<arg>0.25</arg>
</arguments>
<status status="PASS" starttime="20200309 14:06:00.701" endtime="20200309 14:06:00.702"></status>
</kw>
<kw name="Open Browser" library="Selenium2Library">
<doc>Opens a new browser instance to the optional ``url``.</doc>
<arguments>
<arg>${url}</arg>
<arg>${Browsers}</arg>
</arguments>
<msg timestamp="20200309 14:06:00.702" level="INFO">Opening browser 'chrome' to base url 'https://emp.thingsconnext.co.th/login'.</msg>
<status status="PASS" starttime="20200309 14:06:00.702" endtime="20200309 14:06:04.740"></status>
</kw>
<kw name="Maximize Browser Window" library="Selenium2Library">
<doc>Maximizes current browser window.</doc>
<status status="PASS" starttime="20200309 14:06:04.740" endtime="20200309 14:06:05.254"></status>
</kw>
<status status="PASS" starttime="20200309 14:06:00.700" endtime="20200309 14:06:05.254"></status>
</kw>
<kw name="Login Success">
<kw name="Input Text" library="Selenium2Library">
<doc>Types the given ``text`` into the text field identified by ``locator``.</doc>
<arguments>
<arg>//*[@id="app"]/div/div/div/div/div/div[2]/div/form/div[1]/div/div[1]/input</arg>
<arg>${user}</arg>
</arguments>
<msg timestamp="20200309 14:06:05.256" level="INFO">Typing text 'sqa2.ad' into text field '//*[@id="app"]/div/div/div/div/div/div[2]/div/form/div[1]/div/div[1]/input'.</msg>
<status status="PASS" starttime="20200309 14:06:05.255" endtime="20200309 14:06:06.211"></status>
</kw>
<kw name="Input Text" library="Selenium2Library">
<doc>Types the given ``text`` into the text field identified by ``locator``.</doc>
<arguments>
<arg>//*[@id="app"]/div/div/div/div/div/div[2]/div/form/div[2]/div/div[1]/input</arg>
<arg>${password}</arg>
</arguments>
<msg timestamp="20200309 14:06:06.211" level="INFO">Typing text 'hellosqa2ad' into text field '//*[@id="app"]/div/div/div/div/div/div[2]/div/form/div[2]/div/div[1]/input'.</msg>
<status status="PASS" starttime="20200309 14:06:06.211" endtime="20200309 14:06:07.128"></status>
</kw>
<kw name="Click Button" library="Selenium2Library">
<doc>Clicks the button identified by ``locator``.</doc>
<arguments>
<arg>//*[@id="app"]/div/div/div/div/div/div[2]/div/button</arg>
</arguments>
<msg timestamp="20200309 14:06:07.129" level="INFO">Clicking button '//*[@id="app"]/div/div/div/div/div/div[2]/div/button'.</msg>
<status status="PASS" starttime="20200309 14:06:07.129" endtime="20200309 14:06:08.521"></status>
</kw>
<kw name="Sleep" library="BuiltIn">
<doc>Pauses the test executed for the given time.</doc>
<arguments>
<arg>2s</arg>
</arguments>
<msg timestamp="20200309 14:06:10.522" level="INFO">Slept 2 seconds</msg>
<status status="PASS" starttime="20200309 14:06:08.521" endtime="20200309 14:06:10.522"></status>
</kw>
<status status="PASS" starttime="20200309 14:06:05.255" endtime="20200309 14:06:10.522"></status>
</kw>
<kw name="Click Visitor">
<kw name="Click Element" library="Selenium2Library">
<doc>Click the element identified by ``locator``.</doc>
<arguments>
<arg>//div[@class='v-list__tile__title'][contains(text(),'Visitor')]</arg>
</arguments>
<msg timestamp="20200309 14:06:10.523" level="INFO">Clicking element '//div[@class='v-list__tile__title'][contains(text(),'Visitor')]'.</msg>
<status status="PASS" starttime="20200309 14:06:10.523" endtime="20200309 14:06:11.112"></status>
</kw>
<kw name="Sleep" library="BuiltIn">
<doc>Pauses the test executed for the given time.</doc>
<arguments>
<arg>1s</arg>
</arguments>
<msg timestamp="20200309 14:06:12.113" level="INFO">Slept 1 second</msg>
<status status="PASS" starttime="20200309 14:06:11.112" endtime="20200309 14:06:12.113"></status>
</kw>
<status status="PASS" starttime="20200309 14:06:10.522" endtime="20200309 14:06:12.113"></status>
</kw>
<kw name="Create Visitor">
<kw name="Click Element" library="Selenium2Library">
<doc>Click the element identified by ``locator``.</doc>
<arguments>
<arg>//*[@id="main-layout"]/div/main/div/div/div/div/div/div[1]/div[1]/div/div[2]/div[2]/button</arg>
</arguments>
<msg timestamp="20200309 14:06:12.114" level="INFO">Clicking element '//*[@id="main-layout"]/div/main/div/div/div/div/div/div[1]/div[1]/div/div[2]/div[2]/button'.</msg>
<status status="PASS" starttime="20200309 14:06:12.114" endtime="20200309 14:06:12.776"></status>
</kw>
<kw name="Input Text" library="Selenium2Library">
<doc>Types the given ``text`` into the text field identified by ``locator``.</doc>
<arguments>
<arg>//*[@id="main-layout"]/div/main/div/div/div/div/div/div[3]/div/div[2]/div/div/div[1]/div/form/div[1]/div/div/div/input</arg>
<arg>1102002116242</arg>
</arguments>
<msg timestamp="20200309 14:06:12.777" level="INFO">Typing text '1102002116242' into text field '//*[@id="main-layout"]/div/main/div/div/div/div/div/div[3]/div/div[2]/div/div/div[1]/div/form/div[1]/div/div/div/input'.</msg>
<status status="PASS" starttime="20200309 14:06:12.777" endtime="20200309 14:06:13.906"></status>
</kw>
<kw name="Input Text" library="Selenium2Library">
<doc>Types the given ``text`` into the text field identified by ``locator``.</doc>
<arguments>
<arg>//*[@id="main-layout"]/div/main/div/div/div/div/div/div[3]/div/div[2]/div/div/div[1]/div/form/div[2]/div/div/div/input</arg>
<arg>Nuttapol</arg>
</arguments>
<msg timestamp="20200309 14:06:13.906" level="INFO">Typing text 'Nuttapol' into text field '//*[@id="main-layout"]/div/main/div/div/div/div/div/div[3]/div/div[2]/div/div/div[1]/div/form/div[2]/div/div/div/input'.</msg>
<status status="PASS" starttime="20200309 14:06:13.906" endtime="20200309 14:06:14.899"></status>
</kw>
<kw name="Input Text" library="Selenium2Library">
<doc>Types the given ``text`` into the text field identified by ``locator``.</doc>
<arguments>
<arg>//*[@id="main-layout"]/div/main/div/div/div/div/div/div[3]/div/div[2]/div/div/div[1]/div/form/div[3]/div/div/div/input</arg>
<arg>Pechsiri</arg>
</arguments>
<msg timestamp="20200309 14:06:14.900" level="INFO">Typing text 'Pechsiri' into text field '//*[@id="main-layout"]/div/main/div/div/div/div/div/div[3]/div/div[2]/div/div/div[1]/div/form/div[3]/div/div/div/input'.</msg>
<status status="PASS" starttime="20200309 14:06:14.899" endtime="20200309 14:06:15.879"></status>
</kw>
<kw name="Input Text" library="Selenium2Library">
<doc>Types the given ``text`` into the text field identified by ``locator``.</doc>
<arguments>
<arg>//*[@id="main-layout"]/div/main/div/div/div/div/div/div[3]/div/div[2]/div/div/div[1]/div/form/div[4]/div/div/div/input</arg>
<arg>0982233710</arg>
</arguments>
<msg timestamp="20200309 14:06:15.879" level="INFO">Typing text '0982233710' into text field '//*[@id="main-layout"]/div/main/div/div/div/div/div/div[3]/div/div[2]/div/div/div[1]/div/form/div[4]/div/div/div/input'.</msg>
<status status="PASS" starttime="20200309 14:06:15.879" endtime="20200309 14:06:16.928"></status>
</kw>
<kw name="Input Text" library="Selenium2Library">
<doc>Types the given ``text`` into the text field identified by ``locator``.</doc>
<arguments>
<arg>//*[@id="main-layout"]/div/main/div/div/div/div/div/div[3]/div/div[2]/div/div/div[1]/div/form/div[5]/div/div/div/input</arg>
<arg>INET</arg>
</arguments>
<msg timestamp="20200309 14:06:16.929" level="INFO">Typing text 'INET' into text field '//*[@id="main-layout"]/div/main/div/div/div/div/div/div[3]/div/div[2]/div/div/div[1]/div/form/div[5]/div/div/div/input'.</msg>
<status status="PASS" starttime="20200309 14:06:16.928" endtime="20200309 14:06:17.860"></status>
</kw>
<kw name="Input Text" library="Selenium2Library">
<doc>Types the given ``text`` into the text field identified by ``locator``.</doc>
<arguments>
<arg>//*[@id="main-layout"]/div/main/div/div/div/div/div/div[3]/div/div[2]/div/div/div[1]/div/form/div[6]/div/div/div/input</arg>
<arg>nuttapol.pe@inet.co.th</arg>
</arguments>
<msg timestamp="20200309 14:06:17.861" level="INFO">Typing text 'nuttapol.pe@inet.co.th' into text field '//*[@id="main-layout"]/div/main/div/div/div/div/div/div[3]/div/div[2]/div/div/div[1]/div/form/div[6]/div/div/div/input'.</msg>
<status status="PASS" starttime="20200309 14:06:17.860" endtime="20200309 14:06:19.009"></status>
</kw>
<kw name="Input Text" library="Selenium2Library">
<doc>Types the given ``text`` into the text field identified by ``locator``.</doc>
<arguments>
<arg>//*[@id="main-layout"]/div/main/div/div/div/div/div/div[3]/div/div[2]/div/div/div[1]/div/form/div[7]/div/div/div/div/input</arg>
<arg>ณัฐพล เพ็ชรศิริ</arg>
</arguments>
<msg timestamp="20200309 14:06:19.010" level="INFO">Typing text 'ณัฐพล เพ็ชรศิริ' into text field '//*[@id="main-layout"]/div/main/div/div/div/div/div/div[3]/div/div[2]/div/div/div[1]/div/form/div[7]/div/div/div/div/input'.</msg>
<status status="PASS" starttime="20200309 14:06:19.009" endtime="20200309 14:06:20.103"></status>
</kw>
<kw name="Sleep" library="BuiltIn">
<doc>Pauses the test executed for the given time.</doc>
<arguments>
<arg>2s</arg>
</arguments>
<msg timestamp="20200309 14:06:22.104" level="INFO">Slept 2 seconds</msg>
<status status="PASS" starttime="20200309 14:06:20.103" endtime="20200309 14:06:22.104"></status>
</kw>
<kw name="Press Keys" library="Selenium2Library">
<doc>Simulates the user pressing key(s) to an element or on the active browser.</doc>
<arguments>
<arg>tag=body</arg>
<arg>\\40</arg>
</arguments>
<msg timestamp="20200309 14:06:22.105" level="INFO">Sending key(s) ('\\40',) to tag=body element.</msg>
<msg timestamp="20200309 14:06:22.946" level="INFO">Sending keys \40</msg>
<status status="PASS" starttime="20200309 14:06:22.104" endtime="20200309 14:06:23.262"></status>
</kw>
<kw name="Click Element" library="Selenium2Library">
<doc>Click the element identified by ``locator``.</doc>
<arguments>
<arg>//*[@id="main-layout"]/div/main/div/div/div/div/div/div[3]/div/div[2]/div/div/div[1]/div/form/div[8]/div/div/div/input[1]</arg>
</arguments>
<msg timestamp="20200309 14:06:23.263" level="INFO">Clicking element '//*[@id="main-layout"]/div/main/div/div/div/div/div/div[3]/div/div[2]/div/div/div[1]/div/form/div[8]/div/div/div/input[1]'.</msg>
<status status="PASS" starttime="20200309 14:06:23.263" endtime="20200309 14:06:23.934"></status>
</kw>
<kw name="Click Element" library="Selenium2Library">
<doc>Click the element identified by ``locator``.</doc>
<arguments>
<arg>//div[@class='el-picker-panel__content el-date-range-picker__content is-left']//table[@class='el-date-table']//tbody//tr[@class='el-date-table__row']//td[@class='available']//div//span[contains(text(),'20')]</arg>
</arguments>
<msg timestamp="20200309 14:06:23.934" level="INFO">Clicking element '//div[@class='el-picker-panel__content el-date-range-picker__content is-left']//table[@class='el-date-table']//tbody//tr[@class='el-date-table__row']//td[@class='available']//div//span[contains(text(),'20')]'.</msg>
<status status="PASS" starttime="20200309 14:06:23.934" endtime="20200309 14:06:24.563"></status>
</kw>
<kw name="Click Element" library="Selenium2Library">
<doc>Click the element identified by ``locator``.</doc>
<arguments>
<arg>//div[@class='el-picker-panel__content el-date-range-picker__content is-left']//tr[6]//td[2]//div[1]</arg>
</arguments>
<msg timestamp="20200309 14:06:24.563" level="INFO">Clicking element '//div[@class='el-picker-panel__content el-date-range-picker__content is-left']//tr[6]//td[2]//div[1]'.</msg>
<status status="PASS" starttime="20200309 14:06:24.563" endtime="20200309 14:06:25.179"></status>
</kw>
<kw name="Click Element" library="Selenium2Library">
<doc>Click the element identified by ``locator``.</doc>
<arguments>
<arg>//button[@class='el-button el-picker-panel__link-btn el-button--default el-button--mini is-plain']</arg>
</arguments>
<msg timestamp="20200309 14:06:25.180" level="INFO">Clicking element '//button[@class='el-button el-picker-panel__link-btn el-button--default el-button--mini is-plain']'.</msg>
<status status="PASS" starttime="20200309 14:06:25.180" endtime="20200309 14:06:25.786"></status>
</kw>
<kw name="Click Element" library="Selenium2Library">
<doc>Click the element identified by ``locator``.</doc>
<arguments>
<arg>//*[@id="main-layout"]/div/main/div/div/div/div/div/div[3]/div/div[2]/div/div/div[1]/div/form/div[9]/div/div/div/div/span/span/i</arg>
</arguments>
<msg timestamp="20200309 14:06:25.787" level="INFO">Clicking element '//*[@id="main-layout"]/div/main/div/div/div/div/div/div[3]/div/div[2]/div/div/div[1]/div/form/div[9]/div/div/div/div/span/span/i'.</msg>
<status status="PASS" starttime="20200309 14:06:25.786" endtime="20200309 14:06:26.400"></status>
</kw>
<kw name="Sleep" library="BuiltIn">
<doc>Pauses the test executed for the given time.</doc>
<arguments>
<arg>2s</arg>
</arguments>
<msg timestamp="20200309 14:06:28.403" level="INFO">Slept 2 seconds</msg>
<status status="PASS" starttime="20200309 14:06:26.401" endtime="20200309 14:06:28.403"></status>
</kw>
<kw name="Click Element" library="Selenium2Library">
<doc>Click the element identified by ``locator``.</doc>
<arguments>
<arg>//span[contains(text(),'VISITOR')]</arg>
</arguments>
<msg timestamp="20200309 14:06:28.404" level="INFO">Clicking element '//span[contains(text(),'VISITOR')]'.</msg>
<status status="PASS" starttime="20200309 14:06:28.403" endtime="20200309 14:06:29.030"></status>
</kw>
<kw name="Click Element" library="Selenium2Library">
<doc>Click the element identified by ``locator``.</doc>
<arguments>
<arg>//*[@id="main-layout"]/div/main/div/div/div/div/div/div[3]/div/div[2]/div/div/div[2]/button[2]</arg>
</arguments>
<msg timestamp="20200309 14:06:29.030" level="INFO">Clicking element '//*[@id="main-layout"]/div/main/div/div/div/div/div/div[3]/div/div[2]/div/div/div[2]/button[2]'.</msg>
<status status="PASS" starttime="20200309 14:06:29.030" endtime="20200309 14:06:29.656"></status>
</kw>
<kw name="Click Element" library="Selenium2Library">
<doc>Click the element identified by ``locator``.</doc>
<arguments>
<arg>//*[@id="main-layout"]/div/main/div/div/div/div/div/div[3]/div/div[2]/div/div/div[1]/div[1]/div/img</arg>
</arguments>
<msg timestamp="20200309 14:06:29.656" level="INFO">Clicking element '//*[@id="main-layout"]/div/main/div/div/div/div/div/div[3]/div/div[2]/div/div/div[1]/div[1]/div/img'.</msg>
<status status="PASS" starttime="20200309 14:06:29.656" endtime="20200309 14:06:30.230"></status>
</kw>
<kw name="Choose File" library="Selenium2Library">
<doc>Inputs the ``file_path`` into the file input field ``locator``.</doc>
<arguments>
<arg>//input[@name='file']</arg>
<arg>/Users/n.pechsiri/desktop/62497s.jpg</arg>
</arguments>
<msg timestamp="20200309 14:06:30.231" level="INFO">Sending /Users/n.pechsiri/desktop/62497s.jpg to browser.</msg>
<status status="PASS" starttime="20200309 14:06:30.231" endtime="20200309 14:06:30.813"></status>
</kw>
<kw name="Click Element" library="Selenium2Library">
<doc>Click the element identified by ``locator``.</doc>
<arguments>
<arg>//*[@id="main-layout"]/div/main/div/div/div/div/div/div[3]/div/div[2]/div/div/div[2]/button[2]</arg>
</arguments>
<msg timestamp="20200309 14:06:30.814" level="INFO">Clicking element '//*[@id="main-layout"]/div/main/div/div/div/div/div/div[3]/div/div[2]/div/div/div[2]/button[2]'.</msg>
<status status="PASS" starttime="20200309 14:06:30.813" endtime="20200309 14:06:31.425"></status>
</kw>
<kw name="Sleep" library="BuiltIn">
<doc>Pauses the test executed for the given time.</doc>
<arguments>
<arg>2s</arg>
</arguments>
<msg timestamp="20200309 14:06:33.427" level="INFO">Slept 2 seconds</msg>
<status status="PASS" starttime="20200309 14:06:31.426" endtime="20200309 14:06:33.427"></status>
</kw>
<status status="PASS" starttime="20200309 14:06:12.113" endtime="20200309 14:06:33.427"></status>
</kw>
<kw name="Close All Browsers" library="Selenium2Library" type="teardown">
<doc>Closes all open browsers and resets the browser cache.</doc>
<status status="PASS" starttime="20200309 14:06:33.428" endtime="20200309 14:06:33.743"></status>
</kw>
<status status="PASS" starttime="20200309 14:06:00.699" endtime="20200309 14:06:33.743" critical="yes"></status>
</test>
<test id="s1-t3" name="Search Success">
<kw name="Open Web emp.thingsconnext.co.th/login">
<kw name="Set Selenium Speed" library="Selenium2Library">
<doc>Sets the delay that is waited after each Selenium command.</doc>
<arguments>
<arg>0.25</arg>
</arguments>
<status status="PASS" starttime="20200309 14:06:33.746" endtime="20200309 14:06:33.747"></status>
</kw>
<kw name="Open Browser" library="Selenium2Library">
<doc>Opens a new browser instance to the optional ``url``.</doc>
<arguments>
<arg>${url}</arg>
<arg>${Browsers}</arg>
</arguments>
<msg timestamp="20200309 14:06:33.747" level="INFO">Opening browser 'chrome' to base url 'https://emp.thingsconnext.co.th/login'.</msg>
<status status="PASS" starttime="20200309 14:06:33.747" endtime="20200309 14:06:37.360"></status>
</kw>
<kw name="Maximize Browser Window" library="Selenium2Library">
<doc>Maximizes current browser window.</doc>
<status status="PASS" starttime="20200309 14:06:37.361" endtime="20200309 14:06:37.877"></status>
</kw>
<status status="PASS" starttime="20200309 14:06:33.745" endtime="20200309 14:06:37.878"></status>
</kw>
<kw name="Login Success">
<kw name="Input Text" library="Selenium2Library">
<doc>Types the given ``text`` into the text field identified by ``locator``.</doc>
<arguments>
<arg>//*[@id="app"]/div/div/div/div/div/div[2]/div/form/div[1]/div/div[1]/input</arg>
<arg>${user}</arg>
</arguments>
<msg timestamp="20200309 14:06:37.879" level="INFO">Typing text 'sqa2.ad' into text field '//*[@id="app"]/div/div/div/div/div/div[2]/div/form/div[1]/div/div[1]/input'.</msg>
<status status="PASS" starttime="20200309 14:06:37.878" endtime="20200309 14:06:38.801"></status>
</kw>
<kw name="Input Text" library="Selenium2Library">
<doc>Types the given ``text`` into the text field identified by ``locator``.</doc>
<arguments>
<arg>//*[@id="app"]/div/div/div/div/div/div[2]/div/form/div[2]/div/div[1]/input</arg>
<arg>${password}</arg>
</arguments>
<msg timestamp="20200309 14:06:38.802" level="INFO">Typing text 'hellosqa2ad' into text field '//*[@id="app"]/div/div/div/div/div/div[2]/div/form/div[2]/div/div[1]/input'.</msg>
<status status="PASS" starttime="20200309 14:06:38.801" endtime="20200309 14:06:39.724"></status>
</kw>
<kw name="Click Button" library="Selenium2Library">
<doc>Clicks the button identified by ``locator``.</doc>
<arguments>
<arg>//*[@id="app"]/div/div/div/div/div/div[2]/div/button</arg>
</arguments>
<msg timestamp="20200309 14:06:39.725" level="INFO">Clicking button '//*[@id="app"]/div/div/div/div/div/div[2]/div/button'.</msg>
<status status="PASS" starttime="20200309 14:06:39.724" endtime="20200309 14:06:41.116"></status>
</kw>
<kw name="Sleep" library="BuiltIn">
<doc>Pauses the test executed for the given time.</doc>
<arguments>
<arg>2s</arg>
</arguments>
<msg timestamp="20200309 14:06:43.117" level="INFO">Slept 2 seconds</msg>
<status status="PASS" starttime="20200309 14:06:41.116" endtime="20200309 14:06:43.117"></status>
</kw>
<status status="PASS" starttime="20200309 14:06:37.878" endtime="20200309 14:06:43.117"></status>
</kw>
<kw name="Click Visitor">
<kw name="Click Element" library="Selenium2Library">
<doc>Click the element identified by ``locator``.</doc>
<arguments>
<arg>//div[@class='v-list__tile__title'][contains(text(),'Visitor')]</arg>
</arguments>
<msg timestamp="20200309 14:06:43.118" level="INFO">Clicking element '//div[@class='v-list__tile__title'][contains(text(),'Visitor')]'.</msg>
<status status="PASS" starttime="20200309 14:06:43.118" endtime="20200309 14:06:43.708"></status>
</kw>
<kw name="Sleep" library="BuiltIn">
<doc>Pauses the test executed for the given time.</doc>
<arguments>
<arg>1s</arg>
</arguments>
<msg timestamp="20200309 14:06:44.709" level="INFO">Slept 1 second</msg>
<status status="PASS" starttime="20200309 14:06:43.708" endtime="20200309 14:06:44.709"></status>
</kw>
<status status="PASS" starttime="20200309 14:06:43.117" endtime="20200309 14:06:44.710"></status>
</kw>
<kw name="Input Search">
<kw name="Input Text" library="Selenium2Library">
<doc>Types the given ``text`` into the text field identified by ``locator``.</doc>
<arguments>
<arg>//*[@id="main-layout"]/div/main/div/div/div/div/div/div[1]/div[1]/div/div[2]/div[3]/div/input</arg>
<arg>Sakda</arg>
</arguments>
<msg timestamp="20200309 14:06:44.711" level="INFO">Typing text 'Sakda' into text field '//*[@id="main-layout"]/div/main/div/div/div/div/div/div[1]/div[1]/div/div[2]/div[3]/div/input'.</msg>
<status status="PASS" starttime="20200309 14:06:44.711" endtime="20200309 14:06:45.705"></status>
</kw>
<kw name="Sleep" library="BuiltIn">
<doc>Pauses the test executed for the given time.</doc>
<arguments>
<arg>2s</arg>
</arguments>
<msg timestamp="20200309 14:06:47.707" level="INFO">Slept 2 seconds</msg>
<status status="PASS" starttime="20200309 14:06:45.706" endtime="20200309 14:06:47.707"></status>
</kw>
<status status="PASS" starttime="20200309 14:06:44.710" endtime="20200309 14:06:47.707"></status>
</kw>
<kw name="Close All Browsers" library="Selenium2Library" type="teardown">
<doc>Closes all open browsers and resets the browser cache.</doc>
<status status="PASS" starttime="20200309 14:06:47.707" endtime="20200309 14:06:48.018"></status>
</kw>
<status status="PASS" starttime="20200309 14:06:33.744" endtime="20200309 14:06:48.018" critical="yes"></status>
</test>
<status status="PASS" starttime="20200309 14:05:36.244" endtime="20200309 14:06:48.021"></status>
</suite>
<statistics>
<total>
<stat pass="3" fail="0">Critical Tests</stat>
<stat pass="3" fail="0">All Tests</stat>
</total>
<tag>
</tag>
<suite>
<stat pass="3" fail="0" id="s1" name="Visitor">Visitor</stat>
</suite>
</statistics>
<errors>
</errors>
</robot>
