<?xml version="1.0" encoding="UTF-8"?>
<robot generator="Robot 3.1.2 (Python 3.8.1 on darwin)" generated="20200320 16:42:43.094" rpa="false">
<suite id="s1" name="Profile" source="/Users/n.pechsiri/Documents/Work/test-robot/AppRedcross/Profile/profile.robot">
<test id="s1-t1" name="test">
<kw name="Open App">
<kw name="Open Application" library="AppiumLibrary">
<doc>Opens a new application to given Appium server.
Capabilities of appium server, Android and iOS,
Please check https://github.com/appium/appium/blob/master/docs/en/writing-running-appium/server-args.md
| *Option*            | *Man.* | *Description*     |
| remote_url          | Yes    | Appium server url |
| alias               | no     | alias             |</doc>
<arguments>
<arg>http://localhost:4723/wd/hub</arg>
<arg>appPackage=${package_name}</arg>
<arg>app=${APP_LOCATION}</arg>
<arg>platformName=${PLATFORM_NAME}</arg>
<arg>platformVersion=${PLATFORM_VERSION}</arg>
<arg>deviceName=${deviceName}</arg>
<arg>autoGrantPermissions=true</arg>
</arguments>
<status status="PASS" starttime="20200320 16:42:43.356" endtime="20200320 16:42:52.239"></status>
</kw>
<kw name="Sleep" library="BuiltIn">
<doc>Pauses the test executed for the given time.</doc>
<arguments>
<arg>5s</arg>
</arguments>
<msg timestamp="20200320 16:42:57.241" level="INFO">Slept 5 seconds</msg>
<status status="PASS" starttime="20200320 16:42:52.239" endtime="20200320 16:42:57.241"></status>
</kw>
<status status="PASS" starttime="20200320 16:42:43.355" endtime="20200320 16:42:57.241"></status>
</kw>
<kw name="Open Login">
<kw name="Wait Until Keyword Succeeds" library="BuiltIn">
<doc>Runs the specified keyword and retries if it fails.</doc>
<arguments>
<arg>5x</arg>
<arg>2s</arg>
<arg>Click Element</arg>
<arg>//android.widget.ImageButton[@content-desc="Open navigation drawer"]</arg>
</arguments>
<kw name="Click Element" library="AppiumLibrary">
<doc>Click element identified by `locator`.</doc>
<arguments>
<arg>//android.widget.ImageButton[@content-desc="Open navigation drawer"]</arg>
</arguments>
<msg timestamp="20200320 16:42:57.243" level="INFO">Clicking element '//android.widget.ImageButton[@content-desc="Open navigation drawer"]'.</msg>
<status status="PASS" starttime="20200320 16:42:57.242" endtime="20200320 16:42:58.002"></status>
</kw>
<status status="PASS" starttime="20200320 16:42:57.242" endtime="20200320 16:42:58.002"></status>
</kw>
<kw name="Wait Until Keyword Succeeds" library="BuiltIn">
<doc>Runs the specified keyword and retries if it fails.</doc>
<arguments>
<arg>5x</arg>
<arg>2s</arg>
<arg>Click Element</arg>
<arg>com.gov.red.aed:id/linearSignIn</arg>
</arguments>
<kw name="Click Element" library="AppiumLibrary">
<doc>Click element identified by `locator`.</doc>
<arguments>
<arg>com.gov.red.aed:id/linearSignIn</arg>
</arguments>
<msg timestamp="20200320 16:42:58.004" level="INFO">Clicking element 'com.gov.red.aed:id/linearSignIn'.</msg>
<status status="PASS" starttime="20200320 16:42:58.002" endtime="20200320 16:42:59.027"></status>
</kw>
<status status="PASS" starttime="20200320 16:42:58.002" endtime="20200320 16:42:59.027"></status>
</kw>
<status status="PASS" starttime="20200320 16:42:57.242" endtime="20200320 16:42:59.027"></status>
</kw>
<kw name="Login Valid number">
<kw name="Wait Until Keyword Succeeds" library="BuiltIn">
<doc>Runs the specified keyword and retries if it fails.</doc>
<arguments>
<arg>5x</arg>
<arg>2s</arg>
<arg>Input Text</arg>
<arg>com.gov.red.aed:id/edtPhoneLogin</arg>
<arg>0982233710</arg>
</arguments>
<kw name="Input Text" library="AppiumLibrary">
<doc>Types the given `text` into text field identified by `locator`.</doc>
<arguments>
<arg>com.gov.red.aed:id/edtPhoneLogin</arg>
<arg>0982233710</arg>
</arguments>
<msg timestamp="20200320 16:42:59.030" level="INFO">Typing text '0982233710' into text field 'com.gov.red.aed:id/edtPhoneLogin'</msg>
<status status="PASS" starttime="20200320 16:42:59.028" endtime="20200320 16:42:59.942"></status>
</kw>
<status status="PASS" starttime="20200320 16:42:59.028" endtime="20200320 16:42:59.942"></status>
</kw>
<kw name="Click Element" library="AppiumLibrary">
<doc>Click element identified by `locator`.</doc>
<arguments>
<arg>com.gov.red.aed:id/btnConfirmLogin</arg>
</arguments>
<msg timestamp="20200320 16:42:59.945" level="INFO">Clicking element 'com.gov.red.aed:id/btnConfirmLogin'.</msg>
<status status="PASS" starttime="20200320 16:42:59.943" endtime="20200320 16:43:00.587"></status>
</kw>
<kw name="Sleep" library="BuiltIn">
<doc>Pauses the test executed for the given time.</doc>
<arguments>
<arg>20s</arg>
</arguments>
<msg timestamp="20200320 16:43:20.588" level="INFO">Slept 20 seconds</msg>
<status status="PASS" starttime="20200320 16:43:00.587" endtime="20200320 16:43:20.588"></status>
</kw>
<kw name="Click Element" library="AppiumLibrary">
<doc>Click element identified by `locator`.</doc>
<arguments>
<arg>com.gov.red.aed:id/btnConfirmOTPLogin</arg>
</arguments>
<msg timestamp="20200320 16:43:20.590" level="INFO">Clicking element 'com.gov.red.aed:id/btnConfirmOTPLogin'.</msg>
<status status="PASS" starttime="20200320 16:43:20.588" endtime="20200320 16:43:20.696"></status>
</kw>
<kw name="Sleep" library="BuiltIn">
<doc>Pauses the test executed for the given time.</doc>
<arguments>
<arg>3s</arg>
</arguments>
<msg timestamp="20200320 16:43:23.699" level="INFO">Slept 3 seconds</msg>
<status status="PASS" starttime="20200320 16:43:20.696" endtime="20200320 16:43:23.699"></status>
</kw>
<status status="PASS" starttime="20200320 16:42:59.027" endtime="20200320 16:43:23.699"></status>
</kw>
<kw name="Click Profile">
<kw name="Wait Until Keyword Succeeds" library="BuiltIn">
<doc>Runs the specified keyword and retries if it fails.</doc>
<arguments>
<arg>5x</arg>
<arg>2s</arg>
<arg>Click Element</arg>
<arg>//android.widget.ImageButton[@content-desc="Open navigation drawer"]</arg>
</arguments>
<kw name="Click Element" library="AppiumLibrary">
<doc>Click element identified by `locator`.</doc>
<arguments>
<arg>//android.widget.ImageButton[@content-desc="Open navigation drawer"]</arg>
</arguments>
<msg timestamp="20200320 16:43:23.703" level="INFO">Clicking element '//android.widget.ImageButton[@content-desc="Open navigation drawer"]'.</msg>
<kw name="No Operation" library="BuiltIn">
<doc>Does absolutely nothing.</doc>
<status status="PASS" starttime="20200320 16:43:23.795" endtime="20200320 16:43:23.795"></status>
</kw>
<msg timestamp="20200320 16:43:23.799" level="FAIL">ValueError: Element locator '//android.widget.ImageButton[@content-desc="Open navigation drawer"]' did not match any elements.</msg>
<status status="FAIL" starttime="20200320 16:43:23.701" endtime="20200320 16:43:23.799"></status>
</kw>
<kw name="Click Element" library="AppiumLibrary">
<doc>Click element identified by `locator`.</doc>
<arguments>
<arg>//android.widget.ImageButton[@content-desc="Open navigation drawer"]</arg>
</arguments>
<msg timestamp="20200320 16:43:25.801" level="INFO">Clicking element '//android.widget.ImageButton[@content-desc="Open navigation drawer"]'.</msg>
<kw name="No Operation" library="BuiltIn">
<doc>Does absolutely nothing.</doc>
<status status="PASS" starttime="20200320 16:43:26.322" endtime="20200320 16:43:26.322"></status>
</kw>
<msg timestamp="20200320 16:43:26.323" level="FAIL">ValueError: Element locator '//android.widget.ImageButton[@content-desc="Open navigation drawer"]' did not match any elements.</msg>
<status status="FAIL" starttime="20200320 16:43:25.800" endtime="20200320 16:43:26.323"></status>
</kw>
<kw name="Click Element" library="AppiumLibrary">
<doc>Click element identified by `locator`.</doc>
<arguments>
<arg>//android.widget.ImageButton[@content-desc="Open navigation drawer"]</arg>
</arguments>
<msg timestamp="20200320 16:43:28.326" level="INFO">Clicking element '//android.widget.ImageButton[@content-desc="Open navigation drawer"]'.</msg>
<kw name="No Operation" library="BuiltIn">
<doc>Does absolutely nothing.</doc>
<status status="PASS" starttime="20200320 16:43:28.518" endtime="20200320 16:43:28.518"></status>
</kw>
<msg timestamp="20200320 16:43:28.518" level="FAIL">ValueError: Element locator '//android.widget.ImageButton[@content-desc="Open navigation drawer"]' did not match any elements.</msg>
<status status="FAIL" starttime="20200320 16:43:28.323" endtime="20200320 16:43:28.523"></status>
</kw>
<kw name="Click Element" library="AppiumLibrary">
<doc>Click element identified by `locator`.</doc>
<arguments>
<arg>//android.widget.ImageButton[@content-desc="Open navigation drawer"]</arg>
</arguments>
<msg timestamp="20200320 16:43:30.527" level="INFO">Clicking element '//android.widget.ImageButton[@content-desc="Open navigation drawer"]'.</msg>
<status status="PASS" starttime="20200320 16:43:30.523" endtime="20200320 16:43:31.316"></status>
</kw>
<status status="PASS" starttime="20200320 16:43:23.700" endtime="20200320 16:43:31.316"></status>
</kw>
<kw name="Wait Until Keyword Succeeds" library="BuiltIn">
<doc>Runs the specified keyword and retries if it fails.</doc>
<arguments>
<arg>5x</arg>
<arg>2s</arg>
<arg>Click Element</arg>
<arg>com.gov.red.aed:id/svAedLocation</arg>
</arguments>
<kw name="Click Element" library="AppiumLibrary">
<doc>Click element identified by `locator`.</doc>
<arguments>
<arg>com.gov.red.aed:id/svAedLocation</arg>
</arguments>
<msg timestamp="20200320 16:43:31.318" level="INFO">Clicking element 'com.gov.red.aed:id/svAedLocation'.</msg>
<status status="PASS" starttime="20200320 16:43:31.316" endtime="20200320 16:43:32.324"></status>
</kw>
<status status="PASS" starttime="20200320 16:43:31.316" endtime="20200320 16:43:32.324"></status>
</kw>
<kw name="Sleep" library="BuiltIn">
<doc>Pauses the test executed for the given time.</doc>
<arguments>
<arg>3s</arg>
</arguments>
<msg timestamp="20200320 16:43:35.326" level="INFO">Slept 3 seconds</msg>
<status status="PASS" starttime="20200320 16:43:32.324" endtime="20200320 16:43:35.326"></status>
</kw>
<status status="PASS" starttime="20200320 16:43:23.700" endtime="20200320 16:43:35.327"></status>
</kw>
<kw name="Update Profile Picture">
<kw name="Wait Until Keyword Succeeds" library="BuiltIn">
<doc>Runs the specified keyword and retries if it fails.</doc>
<arguments>
<arg>5x</arg>
<arg>2s</arg>
<arg>Click Element</arg>
<arg>com.gov.red.aed:id/btnIntentEditProfile</arg>
</arguments>
<kw name="Click Element" library="AppiumLibrary">
<doc>Click element identified by `locator`.</doc>
<arguments>
<arg>com.gov.red.aed:id/btnIntentEditProfile</arg>
</arguments>
<msg timestamp="20200320 16:43:35.330" level="INFO">Clicking element 'com.gov.red.aed:id/btnIntentEditProfile'.</msg>
<kw name="No Operation" library="BuiltIn">
<doc>Does absolutely nothing.</doc>
<status status="PASS" starttime="20200320 16:43:35.417" endtime="20200320 16:43:35.417"></status>
</kw>
<msg timestamp="20200320 16:43:35.418" level="FAIL">ValueError: Element locator 'com.gov.red.aed:id/btnIntentEditProfile' did not match any elements.</msg>
<status status="FAIL" starttime="20200320 16:43:35.328" endtime="20200320 16:43:35.418"></status>
</kw>
<kw name="Click Element" library="AppiumLibrary">
<doc>Click element identified by `locator`.</doc>
<arguments>
<arg>com.gov.red.aed:id/btnIntentEditProfile</arg>
</arguments>
<msg timestamp="20200320 16:43:37.421" level="INFO">Clicking element 'com.gov.red.aed:id/btnIntentEditProfile'.</msg>
<kw name="No Operation" library="BuiltIn">
<doc>Does absolutely nothing.</doc>
<status status="PASS" starttime="20200320 16:43:38.114" endtime="20200320 16:43:38.115"></status>
</kw>
<msg timestamp="20200320 16:43:38.115" level="FAIL">ValueError: Element locator 'com.gov.red.aed:id/btnIntentEditProfile' did not match any elements.</msg>
<status status="FAIL" starttime="20200320 16:43:37.419" endtime="20200320 16:43:38.115"></status>
</kw>
<kw name="Click Element" library="AppiumLibrary">
<doc>Click element identified by `locator`.</doc>
<arguments>
<arg>com.gov.red.aed:id/btnIntentEditProfile</arg>
</arguments>
<msg timestamp="20200320 16:43:40.118" level="INFO">Clicking element 'com.gov.red.aed:id/btnIntentEditProfile'.</msg>
<kw name="No Operation" library="BuiltIn">
<doc>Does absolutely nothing.</doc>
<status status="PASS" starttime="20200320 16:43:40.165" endtime="20200320 16:43:40.165"></status>
</kw>
<msg timestamp="20200320 16:43:40.165" level="FAIL">ValueError: Element locator 'com.gov.red.aed:id/btnIntentEditProfile' did not match any elements.</msg>
<status status="FAIL" starttime="20200320 16:43:40.116" endtime="20200320 16:43:40.165"></status>
</kw>
<kw name="Click Element" library="AppiumLibrary">
<doc>Click element identified by `locator`.</doc>
<arguments>
<arg>com.gov.red.aed:id/btnIntentEditProfile</arg>
</arguments>
<msg timestamp="20200320 16:43:42.167" level="INFO">Clicking element 'com.gov.red.aed:id/btnIntentEditProfile'.</msg>
<kw name="No Operation" library="BuiltIn">
<doc>Does absolutely nothing.</doc>
<status status="PASS" starttime="20200320 16:43:42.263" endtime="20200320 16:43:42.264"></status>
</kw>
<msg timestamp="20200320 16:43:42.264" level="FAIL">ValueError: Element locator 'com.gov.red.aed:id/btnIntentEditProfile' did not match any elements.</msg>
<status status="FAIL" starttime="20200320 16:43:42.166" endtime="20200320 16:43:42.264"></status>
</kw>
<kw name="Click Element" library="AppiumLibrary">
<doc>Click element identified by `locator`.</doc>
<arguments>
<arg>com.gov.red.aed:id/btnIntentEditProfile</arg>
</arguments>
<msg timestamp="20200320 16:43:44.268" level="INFO">Clicking element 'com.gov.red.aed:id/btnIntentEditProfile'.</msg>
<kw name="No Operation" library="BuiltIn">
<doc>Does absolutely nothing.</doc>
<status status="PASS" starttime="20200320 16:43:44.364" endtime="20200320 16:43:44.365"></status>
</kw>
<msg timestamp="20200320 16:43:44.365" level="FAIL">ValueError: Element locator 'com.gov.red.aed:id/btnIntentEditProfile' did not match any elements.</msg>
<status status="FAIL" starttime="20200320 16:43:44.265" endtime="20200320 16:43:44.365"></status>
</kw>
<msg timestamp="20200320 16:43:44.365" level="FAIL">Keyword 'Click Element' failed after retrying 5 times. The last error was: ValueError: Element locator 'com.gov.red.aed:id/btnIntentEditProfile' did not match any elements.</msg>
<status status="FAIL" starttime="20200320 16:43:35.327" endtime="20200320 16:43:44.365"></status>
</kw>
<status status="FAIL" starttime="20200320 16:43:35.327" endtime="20200320 16:43:44.366"></status>
</kw>
<status status="FAIL" starttime="20200320 16:42:43.355" endtime="20200320 16:43:44.366" critical="yes">Keyword 'Click Element' failed after retrying 5 times. The last error was: ValueError: Element locator 'com.gov.red.aed:id/btnIntentEditProfile' did not match any elements.</status>
</test>
<status status="FAIL" starttime="20200320 16:42:43.096" endtime="20200320 16:43:44.369"></status>
</suite>
<statistics>
<total>
<stat pass="0" fail="1">Critical Tests</stat>
<stat pass="0" fail="1">All Tests</stat>
</total>
<tag>
</tag>
<suite>
<stat pass="0" fail="1" id="s1" name="Profile">Profile</stat>
</suite>
</statistics>
<errors>
</errors>
</robot>
