<?xml version="1.0" encoding="UTF-8"?>
<robot generator="Robot 3.1.2 (Python 3.8.1 on darwin)" generated="20200410 11:03:34.844" rpa="false">
<suite id="s1" name="Login" source="/Users/n.pechsiri/Documents/Work/test-robot/test-faceid/login/login.robot">
<test id="s1-t1" name="Login Success">
<kw name="Open Web emp.thingsconnext.co.th/login">
<kw name="Open Browser" library="Selenium2Library">
<doc>Opens a new browser instance to the optional ``url``.</doc>
<arguments>
<arg>${url}</arg>
<arg>${Browsers}</arg>
</arguments>
<msg timestamp="20200410 11:03:35.045" level="INFO">Opening browser 'chrome' to base url 'https://emp.thingsconnext.co.th/login'.</msg>
<status status="PASS" starttime="20200410 11:03:35.045" endtime="20200410 11:03:37.638"></status>
</kw>
<status status="PASS" starttime="20200410 11:03:35.044" endtime="20200410 11:03:37.638"></status>
</kw>
<kw name="Login Success">
<kw name="Input Text" library="Selenium2Library">
<doc>Types the given ``text`` into the text field identified by ``locator``.</doc>
<arguments>
<arg>//*[@id="app"]/div/div/div/div/div/div[2]/div/form/div[1]/div/div[1]/input</arg>
<arg>${user}</arg>
</arguments>
<msg timestamp="20200410 11:03:37.640" level="INFO">Typing text 'sqa2.ad' into text field '//*[@id="app"]/div/div/div/div/div/div[2]/div/form/div[1]/div/div[1]/input'.</msg>
<status status="PASS" starttime="20200410 11:03:37.639" endtime="20200410 11:03:37.819"></status>
</kw>
<kw name="Input Text" library="Selenium2Library">
<doc>Types the given ``text`` into the text field identified by ``locator``.</doc>
<arguments>
<arg>//*[@id="app"]/div/div/div/div/div/div[2]/div/form/div[2]/div/div[1]/input</arg>
<arg>${password}</arg>
</arguments>
<msg timestamp="20200410 11:03:37.819" level="INFO">Typing text 'hellosqa2ad' into text field '//*[@id="app"]/div/div/div/div/div/div[2]/div/form/div[2]/div/div[1]/input'.</msg>
<status status="PASS" starttime="20200410 11:03:37.819" endtime="20200410 11:03:38.004"></status>
</kw>
<kw name="Click Button" library="Selenium2Library">
<doc>Clicks the button identified by ``locator``.</doc>
<arguments>
<arg>//*[@id="app"]/div/div/div/div/div/div[2]/div/button</arg>
</arguments>
<msg timestamp="20200410 11:03:38.004" level="INFO">Clicking button '//*[@id="app"]/div/div/div/div/div/div[2]/div/button'.</msg>
<status status="PASS" starttime="20200410 11:03:38.004" endtime="20200410 11:03:38.123"></status>
</kw>
<kw name="Sleep" library="BuiltIn">
<doc>Pauses the test executed for the given time.</doc>
<arguments>
<arg>4s</arg>
</arguments>
<msg timestamp="20200410 11:03:42.125" level="INFO">Slept 4 seconds</msg>
<status status="PASS" starttime="20200410 11:03:38.123" endtime="20200410 11:03:42.125"></status>
</kw>
<status status="PASS" starttime="20200410 11:03:37.639" endtime="20200410 11:03:42.126"></status>
</kw>
<kw name="Location Should Be" library="Selenium2Library">
<doc>Verifies that the current URL is exactly ``url``.</doc>
<arguments>
<arg>https://emp.thingsconnext.co.th/employee</arg>
</arguments>
<kw name="Capture Page Screenshot" library="Selenium2Library">
<doc>Takes a screenshot of the current page and embeds it into a log file.</doc>
<msg timestamp="20200410 11:03:42.650" level="INFO" html="yes">&lt;/td&gt;&lt;/tr&gt;&lt;tr&gt;&lt;td colspan="3"&gt;&lt;a href="selenium-screenshot-2.png"&gt;&lt;img src="selenium-screenshot-2.png" width="800px"&gt;&lt;/a&gt;</msg>
<status status="PASS" starttime="20200410 11:03:42.137" endtime="20200410 11:03:42.650"></status>
</kw>
<msg timestamp="20200410 11:03:42.654" level="FAIL">Location should have been 'https://emp.thingsconnext.co.th/employee' but was 'https://emp.thingsconnext.co.th/login'.</msg>
<status status="FAIL" starttime="20200410 11:03:42.126" endtime="20200410 11:03:42.654"></status>
</kw>
<kw name="Close All Browsers" library="Selenium2Library" type="teardown">
<doc>Closes all open browsers and resets the browser cache.</doc>
<status status="PASS" starttime="20200410 11:03:42.654" endtime="20200410 11:03:42.748"></status>
</kw>
<status status="FAIL" starttime="20200410 11:03:35.044" endtime="20200410 11:03:42.749" critical="yes">Location should have been 'https://emp.thingsconnext.co.th/employee' but was 'https://emp.thingsconnext.co.th/login'.</status>
</test>
<test id="s1-t2" name="Login Faill Wrong user">
<kw name="Open Web emp.thingsconnext.co.th/login">
<kw name="Open Browser" library="Selenium2Library">
<doc>Opens a new browser instance to the optional ``url``.</doc>
<arguments>
<arg>${url}</arg>
<arg>${Browsers}</arg>
</arguments>
<msg timestamp="20200410 11:03:42.752" level="INFO">Opening browser 'chrome' to base url 'https://emp.thingsconnext.co.th/login'.</msg>
<status status="PASS" starttime="20200410 11:03:42.751" endtime="20200410 11:03:45.464"></status>
</kw>
<status status="PASS" starttime="20200410 11:03:42.751" endtime="20200410 11:03:45.464"></status>
</kw>
<kw name="Login Fail because user wrong">
<kw name="Input Text" library="Selenium2Library">
<doc>Types the given ``text`` into the text field identified by ``locator``.</doc>
<arguments>
<arg>//*[@id="app"]/div/div/div/div/div/div[2]/div/form/div[1]/div/div[1]/input</arg>
<arg>${user1}</arg>
</arguments>
<msg timestamp="20200410 11:03:45.466" level="INFO">Typing text '1234.ad' into text field '//*[@id="app"]/div/div/div/div/div/div[2]/div/form/div[1]/div/div[1]/input'.</msg>
<status status="PASS" starttime="20200410 11:03:45.465" endtime="20200410 11:03:45.664"></status>
</kw>
<kw name="Input Text" library="Selenium2Library">
<doc>Types the given ``text`` into the text field identified by ``locator``.</doc>
<arguments>
<arg>//*[@id="app"]/div/div/div/div/div/div[2]/div/form/div[2]/div/div[1]/input</arg>
<arg>${password}</arg>
</arguments>
<msg timestamp="20200410 11:03:45.665" level="INFO">Typing text 'hellosqa2ad' into text field '//*[@id="app"]/div/div/div/div/div/div[2]/div/form/div[2]/div/div[1]/input'.</msg>
<status status="PASS" starttime="20200410 11:03:45.665" endtime="20200410 11:03:45.814"></status>
</kw>
<kw name="Click Button" library="Selenium2Library">
<doc>Clicks the button identified by ``locator``.</doc>
<arguments>
<arg>//*[@id="app"]/div/div/div/div/div/div[2]/div/button</arg>
</arguments>
<msg timestamp="20200410 11:03:45.815" level="INFO">Clicking button '//*[@id="app"]/div/div/div/div/div/div[2]/div/button'.</msg>
<status status="PASS" starttime="20200410 11:03:45.814" endtime="20200410 11:03:45.926"></status>
</kw>
<kw name="Sleep" library="BuiltIn">
<doc>Pauses the test executed for the given time.</doc>
<arguments>
<arg>1s</arg>
</arguments>
<msg timestamp="20200410 11:03:46.927" level="INFO">Slept 1 second</msg>
<status status="PASS" starttime="20200410 11:03:45.927" endtime="20200410 11:03:46.928"></status>
</kw>
<status status="PASS" starttime="20200410 11:03:45.465" endtime="20200410 11:03:46.928"></status>
</kw>
<kw name="Location Should Be" library="Selenium2Library">
<doc>Verifies that the current URL is exactly ``url``.</doc>
<arguments>
<arg>https://emp.thingsconnext.co.th/login</arg>
</arguments>
<msg timestamp="20200410 11:03:46.940" level="INFO">Current location is 'https://emp.thingsconnext.co.th/login'.</msg>
<status status="PASS" starttime="20200410 11:03:46.928" endtime="20200410 11:03:46.940"></status>
</kw>
<kw name="Close All Browsers" library="Selenium2Library" type="teardown">
<doc>Closes all open browsers and resets the browser cache.</doc>
<status status="PASS" starttime="20200410 11:03:46.940" endtime="20200410 11:03:47.041"></status>
</kw>
<status status="PASS" starttime="20200410 11:03:42.750" endtime="20200410 11:03:47.041" critical="yes"></status>
</test>
<test id="s1-t3" name="Login Faill Wrong password">
<kw name="Open Web emp.thingsconnext.co.th/login">
<kw name="Open Browser" library="Selenium2Library">
<doc>Opens a new browser instance to the optional ``url``.</doc>
<arguments>
<arg>${url}</arg>
<arg>${Browsers}</arg>
</arguments>
<msg timestamp="20200410 11:03:47.043" level="INFO">Opening browser 'chrome' to base url 'https://emp.thingsconnext.co.th/login'.</msg>
<status status="PASS" starttime="20200410 11:03:47.043" endtime="20200410 11:03:49.737"></status>
</kw>
<status status="PASS" starttime="20200410 11:03:47.043" endtime="20200410 11:03:49.737"></status>
</kw>
<kw name="Login Fail because password wrong">
<kw name="Input Text" library="Selenium2Library">
<doc>Types the given ``text`` into the text field identified by ``locator``.</doc>
<arguments>
<arg>//*[@id="app"]/div/div/div/div/div/div[2]/div/form/div[1]/div/div[1]/input</arg>
<arg>${user}</arg>
</arguments>
<msg timestamp="20200410 11:03:49.739" level="INFO">Typing text 'sqa2.ad' into text field '//*[@id="app"]/div/div/div/div/div/div[2]/div/form/div[1]/div/div[1]/input'.</msg>
<status status="PASS" starttime="20200410 11:03:49.738" endtime="20200410 11:03:49.940"></status>
</kw>
<kw name="Input Text" library="Selenium2Library">
<doc>Types the given ``text`` into the text field identified by ``locator``.</doc>
<arguments>
<arg>//*[@id="app"]/div/div/div/div/div/div[2]/div/form/div[2]/div/div[1]/input</arg>
<arg>${password1}</arg>
</arguments>
<msg timestamp="20200410 11:03:49.941" level="INFO">Typing text 'helloworld' into text field '//*[@id="app"]/div/div/div/div/div/div[2]/div/form/div[2]/div/div[1]/input'.</msg>
<status status="PASS" starttime="20200410 11:03:49.940" endtime="20200410 11:03:50.081"></status>
</kw>
<kw name="Click Button" library="Selenium2Library">
<doc>Clicks the button identified by ``locator``.</doc>
<arguments>
<arg>//*[@id="app"]/div/div/div/div/div/div[2]/div/button</arg>
</arguments>
<msg timestamp="20200410 11:03:50.081" level="INFO">Clicking button '//*[@id="app"]/div/div/div/div/div/div[2]/div/button'.</msg>
<status status="PASS" starttime="20200410 11:03:50.081" endtime="20200410 11:03:50.180"></status>
</kw>
<kw name="Sleep" library="BuiltIn">
<doc>Pauses the test executed for the given time.</doc>
<arguments>
<arg>1s</arg>
</arguments>
<msg timestamp="20200410 11:03:51.181" level="INFO">Slept 1 second</msg>
<status status="PASS" starttime="20200410 11:03:50.180" endtime="20200410 11:03:51.181"></status>
</kw>
<status status="PASS" starttime="20200410 11:03:49.738" endtime="20200410 11:03:51.182"></status>
</kw>
<kw name="Location Should Be" library="Selenium2Library">
<doc>Verifies that the current URL is exactly ``url``.</doc>
<arguments>
<arg>https://emp.thingsconnext.co.th/login</arg>
</arguments>
<msg timestamp="20200410 11:03:51.193" level="INFO">Current location is 'https://emp.thingsconnext.co.th/login'.</msg>
<status status="PASS" starttime="20200410 11:03:51.182" endtime="20200410 11:03:51.193"></status>
</kw>
<kw name="Close All Browsers" library="Selenium2Library" type="teardown">
<doc>Closes all open browsers and resets the browser cache.</doc>
<status status="PASS" starttime="20200410 11:03:51.194" endtime="20200410 11:03:51.282"></status>
</kw>
<status status="PASS" starttime="20200410 11:03:47.042" endtime="20200410 11:03:51.282" critical="yes"></status>
</test>
<test id="s1-t4" name="Login Faill wrong user password">
<kw name="Open Web emp.thingsconnext.co.th/login">
<kw name="Open Browser" library="Selenium2Library">
<doc>Opens a new browser instance to the optional ``url``.</doc>
<arguments>
<arg>${url}</arg>
<arg>${Browsers}</arg>
</arguments>
<msg timestamp="20200410 11:03:51.285" level="INFO">Opening browser 'chrome' to base url 'https://emp.thingsconnext.co.th/login'.</msg>
<status status="PASS" starttime="20200410 11:03:51.284" endtime="20200410 11:03:54.952"></status>
</kw>
<status status="PASS" starttime="20200410 11:03:51.284" endtime="20200410 11:03:54.952"></status>
</kw>
<kw name="Login Fail because user password wrong">
<kw name="Input Text" library="Selenium2Library">
<doc>Types the given ``text`` into the text field identified by ``locator``.</doc>
<arguments>
<arg>//*[@id="app"]/div/div/div/div/div/div[2]/div/form/div[1]/div/div[1]/input</arg>
<arg>${user1}</arg>
</arguments>
<msg timestamp="20200410 11:03:54.953" level="INFO">Typing text '1234.ad' into text field '//*[@id="app"]/div/div/div/div/div/div[2]/div/form/div[1]/div/div[1]/input'.</msg>
<status status="PASS" starttime="20200410 11:03:54.953" endtime="20200410 11:03:55.156"></status>
</kw>
<kw name="Input Text" library="Selenium2Library">
<doc>Types the given ``text`` into the text field identified by ``locator``.</doc>
<arguments>
<arg>//*[@id="app"]/div/div/div/div/div/div[2]/div/form/div[2]/div/div[1]/input</arg>
<arg>${password1}</arg>
</arguments>
<msg timestamp="20200410 11:03:55.156" level="INFO">Typing text 'helloworld' into text field '//*[@id="app"]/div/div/div/div/div/div[2]/div/form/div[2]/div/div[1]/input'.</msg>
<status status="PASS" starttime="20200410 11:03:55.156" endtime="20200410 11:03:55.297"></status>
</kw>
<kw name="Click Button" library="Selenium2Library">
<doc>Clicks the button identified by ``locator``.</doc>
<arguments>
<arg>//*[@id="app"]/div/div/div/div/div/div[2]/div/button</arg>
</arguments>
<msg timestamp="20200410 11:03:55.297" level="INFO">Clicking button '//*[@id="app"]/div/div/div/div/div/div[2]/div/button'.</msg>
<status status="PASS" starttime="20200410 11:03:55.297" endtime="20200410 11:03:55.404"></status>
</kw>
<kw name="Sleep" library="BuiltIn">
<doc>Pauses the test executed for the given time.</doc>
<arguments>
<arg>1s</arg>
</arguments>
<msg timestamp="20200410 11:03:56.406" level="INFO">Slept 1 second</msg>
<status status="PASS" starttime="20200410 11:03:55.404" endtime="20200410 11:03:56.407"></status>
</kw>
<status status="PASS" starttime="20200410 11:03:54.952" endtime="20200410 11:03:56.407"></status>
</kw>
<kw name="Location Should Be" library="Selenium2Library">
<doc>Verifies that the current URL is exactly ``url``.</doc>
<arguments>
<arg>https://emp.thingsconnext.co.th/login</arg>
</arguments>
<msg timestamp="20200410 11:03:56.416" level="INFO">Current location is 'https://emp.thingsconnext.co.th/login'.</msg>
<status status="PASS" starttime="20200410 11:03:56.408" endtime="20200410 11:03:56.416"></status>
</kw>
<kw name="Close All Browsers" library="Selenium2Library" type="teardown">
<doc>Closes all open browsers and resets the browser cache.</doc>
<status status="PASS" starttime="20200410 11:03:56.417" endtime="20200410 11:03:56.504"></status>
</kw>
<status status="PASS" starttime="20200410 11:03:51.283" endtime="20200410 11:03:56.504" critical="yes"></status>
</test>
<test id="s1-t5" name="Login Faill empty">
<kw name="Open Web emp.thingsconnext.co.th/login">
<kw name="Open Browser" library="Selenium2Library">
<doc>Opens a new browser instance to the optional ``url``.</doc>
<arguments>
<arg>${url}</arg>
<arg>${Browsers}</arg>
</arguments>
<msg timestamp="20200410 11:03:56.506" level="INFO">Opening browser 'chrome' to base url 'https://emp.thingsconnext.co.th/login'.</msg>
<status status="PASS" starttime="20200410 11:03:56.506" endtime="20200410 11:03:59.116"></status>
</kw>
<status status="PASS" starttime="20200410 11:03:56.506" endtime="20200410 11:03:59.116"></status>
</kw>
<kw name="Login Fail because empty">
<kw name="Input Text" library="Selenium2Library">
<doc>Types the given ``text`` into the text field identified by ``locator``.</doc>
<arguments>
<arg>//*[@id="app"]/div/div/div/div/div/div[2]/div/form/div[1]/div/div[1]/input</arg>
<arg>${empty_text}</arg>
</arguments>
<msg timestamp="20200410 11:03:59.117" level="INFO">Typing text '' into text field '//*[@id="app"]/div/div/div/div/div/div[2]/div/form/div[1]/div/div[1]/input'.</msg>
<status status="PASS" starttime="20200410 11:03:59.117" endtime="20200410 11:03:59.176"></status>
</kw>
<kw name="Input Text" library="Selenium2Library">
<doc>Types the given ``text`` into the text field identified by ``locator``.</doc>
<arguments>
<arg>//*[@id="app"]/div/div/div/div/div/div[2]/div/form/div[2]/div/div[1]/input</arg>
<arg>${empty_text}</arg>
</arguments>
<msg timestamp="20200410 11:03:59.177" level="INFO">Typing text '' into text field '//*[@id="app"]/div/div/div/div/div/div[2]/div/form/div[2]/div/div[1]/input'.</msg>
<status status="PASS" starttime="20200410 11:03:59.176" endtime="20200410 11:03:59.291"></status>
</kw>
<kw name="Click Button" library="Selenium2Library">
<doc>Clicks the button identified by ``locator``.</doc>
<arguments>
<arg>//*[@id="app"]/div/div/div/div/div/div[2]/div/button</arg>
</arguments>
<msg timestamp="20200410 11:03:59.292" level="INFO">Clicking button '//*[@id="app"]/div/div/div/div/div/div[2]/div/button'.</msg>
<status status="PASS" starttime="20200410 11:03:59.292" endtime="20200410 11:03:59.395"></status>
</kw>
<kw name="Sleep" library="BuiltIn">
<doc>Pauses the test executed for the given time.</doc>
<arguments>
<arg>1s</arg>
</arguments>
<msg timestamp="20200410 11:04:00.396" level="INFO">Slept 1 second</msg>
<status status="PASS" starttime="20200410 11:03:59.395" endtime="20200410 11:04:00.397"></status>
</kw>
<status status="PASS" starttime="20200410 11:03:59.116" endtime="20200410 11:04:00.397"></status>
</kw>
<kw name="Location Should Be" library="Selenium2Library">
<doc>Verifies that the current URL is exactly ``url``.</doc>
<arguments>
<arg>https://emp.thingsconnext.co.th/login</arg>
</arguments>
<msg timestamp="20200410 11:04:00.409" level="INFO">Current location is 'https://emp.thingsconnext.co.th/login'.</msg>
<status status="PASS" starttime="20200410 11:04:00.397" endtime="20200410 11:04:00.409"></status>
</kw>
<kw name="Close All Browsers" library="Selenium2Library" type="teardown">
<doc>Closes all open browsers and resets the browser cache.</doc>
<status status="PASS" starttime="20200410 11:04:00.409" endtime="20200410 11:04:00.500"></status>
</kw>
<status status="PASS" starttime="20200410 11:03:56.505" endtime="20200410 11:04:00.500" critical="yes"></status>
</test>
<status status="FAIL" starttime="20200410 11:03:34.846" endtime="20200410 11:04:00.501"></status>
</suite>
<statistics>
<total>
<stat pass="4" fail="1">Critical Tests</stat>
<stat pass="4" fail="1">All Tests</stat>
</total>
<tag>
</tag>
<suite>
<stat pass="4" fail="1" id="s1" name="Login">Login</stat>
</suite>
</statistics>
<errors>
</errors>
</robot>
