<?xml version="1.0" encoding="UTF-8"?>
<robot generator="Robot 3.1.2 (Python 3.8.1 on darwin)" generated="20200309 15:05:32.431" rpa="false">
<suite id="s1" name="Logout" source="/Users/n.pechsiri/Documents/Work/test-robot/test-faceid/logout/logout.robot">
<test id="s1-t1" name="Logout Success">
<kw name="Open Web emp.thingsconnext.co.th/login">
<kw name="Set Selenium Speed" library="Selenium2Library">
<doc>Sets the delay that is waited after each Selenium command.</doc>
<arguments>
<arg>0.25</arg>
</arguments>
<status status="PASS" starttime="20200309 15:05:32.625" endtime="20200309 15:05:32.625"></status>
</kw>
<kw name="Open Browser" library="Selenium2Library">
<doc>Opens a new browser instance to the optional ``url``.</doc>
<arguments>
<arg>${url}</arg>
<arg>${Browsers}</arg>
</arguments>
<msg timestamp="20200309 15:05:32.626" level="INFO">Opening browser 'chrome' to base url 'https://emp.thingsconnext.co.th/login'.</msg>
<status status="PASS" starttime="20200309 15:05:32.625" endtime="20200309 15:05:35.882"></status>
</kw>
<kw name="Maximize Browser Window" library="Selenium2Library">
<doc>Maximizes current browser window.</doc>
<status status="PASS" starttime="20200309 15:05:35.882" endtime="20200309 15:05:36.283"></status>
</kw>
<status status="PASS" starttime="20200309 15:05:32.625" endtime="20200309 15:05:36.283"></status>
</kw>
<kw name="Login Success">
<kw name="Input Text" library="Selenium2Library">
<doc>Types the given ``text`` into the text field identified by ``locator``.</doc>
<arguments>
<arg>//*[@id="app"]/div/div/div/div/div/div[2]/div/form/div[1]/div/div[1]/input</arg>
<arg>${user}</arg>
</arguments>
<msg timestamp="20200309 15:05:36.284" level="INFO">Typing text 'sqa2.ad' into text field '//*[@id="app"]/div/div/div/div/div/div[2]/div/form/div[1]/div/div[1]/input'.</msg>
<status status="PASS" starttime="20200309 15:05:36.284" endtime="20200309 15:05:37.246"></status>
</kw>
<kw name="Input Text" library="Selenium2Library">
<doc>Types the given ``text`` into the text field identified by ``locator``.</doc>
<arguments>
<arg>//*[@id="app"]/div/div/div/div/div/div[2]/div/form/div[2]/div/div[1]/input</arg>
<arg>${password}</arg>
</arguments>
<msg timestamp="20200309 15:05:37.246" level="INFO">Typing text 'hellosqa2ad' into text field '//*[@id="app"]/div/div/div/div/div/div[2]/div/form/div[2]/div/div[1]/input'.</msg>
<status status="PASS" starttime="20200309 15:05:37.246" endtime="20200309 15:05:38.172"></status>
</kw>
<kw name="Click Button" library="Selenium2Library">
<doc>Clicks the button identified by ``locator``.</doc>
<arguments>
<arg>//*[@id="app"]/div/div/div/div/div/div[2]/div/button</arg>
</arguments>
<msg timestamp="20200309 15:05:38.172" level="INFO">Clicking button '//*[@id="app"]/div/div/div/div/div/div[2]/div/button'.</msg>
<status status="PASS" starttime="20200309 15:05:38.172" endtime="20200309 15:05:39.554"></status>
</kw>
<kw name="Sleep" library="BuiltIn">
<doc>Pauses the test executed for the given time.</doc>
<arguments>
<arg>2s</arg>
</arguments>
<msg timestamp="20200309 15:05:41.555" level="INFO">Slept 2 seconds</msg>
<status status="PASS" starttime="20200309 15:05:39.554" endtime="20200309 15:05:41.555"></status>
</kw>
<status status="PASS" starttime="20200309 15:05:36.283" endtime="20200309 15:05:41.555"></status>
</kw>
<kw name="Click Logout">
<kw name="Click Element" library="Selenium2Library">
<doc>Click the element identified by ``locator``.</doc>
<arguments>
<arg>//*[@id="main-layout"]/div/aside/div[8]/div/a/div[2]</arg>
</arguments>
<msg timestamp="20200309 15:05:41.557" level="INFO">Clicking element '//*[@id="main-layout"]/div/aside/div[8]/div/a/div[2]'.</msg>
<status status="PASS" starttime="20200309 15:05:41.557" endtime="20200309 15:05:42.193"></status>
</kw>
<kw name="Click Element" library="Selenium2Library">
<doc>Click the element identified by ``locator``.</doc>
<arguments>
<arg>//button[contains(@class,'el-button el-button--default el-button--small el-button--primary')]</arg>
</arguments>
<msg timestamp="20200309 15:05:42.193" level="INFO">Clicking element '//button[contains(@class,'el-button el-button--default el-button--small el-button--primary')]'.</msg>
<status status="PASS" starttime="20200309 15:05:42.193" endtime="20200309 15:05:42.764"></status>
</kw>
<kw name="Sleep" library="BuiltIn">
<doc>Pauses the test executed for the given time.</doc>
<arguments>
<arg>2s</arg>
</arguments>
<msg timestamp="20200309 15:05:44.765" level="INFO">Slept 2 seconds</msg>
<status status="PASS" starttime="20200309 15:05:42.764" endtime="20200309 15:05:44.765"></status>
</kw>
<status status="PASS" starttime="20200309 15:05:41.555" endtime="20200309 15:05:44.765"></status>
</kw>
<kw name="Close All Browsers" library="Selenium2Library" type="teardown">
<doc>Closes all open browsers and resets the browser cache.</doc>
<status status="PASS" starttime="20200309 15:05:44.766" endtime="20200309 15:05:45.081"></status>
</kw>
<status status="PASS" starttime="20200309 15:05:32.624" endtime="20200309 15:05:45.081" critical="yes"></status>
</test>
<status status="PASS" starttime="20200309 15:05:32.433" endtime="20200309 15:05:45.083"></status>
</suite>
<statistics>
<total>
<stat pass="1" fail="0">Critical Tests</stat>
<stat pass="1" fail="0">All Tests</stat>
</total>
<tag>
</tag>
<suite>
<stat pass="1" fail="0" id="s1" name="Logout">Logout</stat>
</suite>
</statistics>
<errors>
</errors>
</robot>
