<?xml version="1.0" encoding="UTF-8"?>
<robot generator="Robot 3.1.2 (Python 3.8.1 on darwin)" generated="20200309 15:33:55.201" rpa="false">
<suite id="s1" name="Resetpassword" source="/Users/n.pechsiri/Documents/Work/test-robot/test-faceid/resetpassword/resetpassword.robot">
<test id="s1-t1" name="Reset Password Success">
<kw name="Open Web emp.thingsconnext.co.th/login">
<kw name="Set Selenium Speed" library="Selenium2Library">
<doc>Sets the delay that is waited after each Selenium command.</doc>
<arguments>
<arg>0.25</arg>
</arguments>
<status status="PASS" starttime="20200309 15:33:55.437" endtime="20200309 15:33:55.438"></status>
</kw>
<kw name="Open Browser" library="Selenium2Library">
<doc>Opens a new browser instance to the optional ``url``.</doc>
<arguments>
<arg>${url}</arg>
<arg>${Browsers}</arg>
</arguments>
<msg timestamp="20200309 15:33:55.438" level="INFO">Opening browser 'chrome' to base url 'https://emp.thingsconnext.co.th/login'.</msg>
<status status="PASS" starttime="20200309 15:33:55.438" endtime="20200309 15:33:58.651"></status>
</kw>
<kw name="Maximize Browser Window" library="Selenium2Library">
<doc>Maximizes current browser window.</doc>
<status status="PASS" starttime="20200309 15:33:58.652" endtime="20200309 15:33:59.047"></status>
</kw>
<status status="PASS" starttime="20200309 15:33:55.437" endtime="20200309 15:33:59.048"></status>
</kw>
<kw name="Login Success">
<kw name="Input Text" library="Selenium2Library">
<doc>Types the given ``text`` into the text field identified by ``locator``.</doc>
<arguments>
<arg>//*[@id="app"]/div/div/div/div/div/div[2]/div/form/div[1]/div/div[1]/input</arg>
<arg>${user}</arg>
</arguments>
<msg timestamp="20200309 15:33:59.048" level="INFO">Typing text 'sqa2.ad' into text field '//*[@id="app"]/div/div/div/div/div/div[2]/div/form/div[1]/div/div[1]/input'.</msg>
<status status="PASS" starttime="20200309 15:33:59.048" endtime="20200309 15:33:59.977"></status>
</kw>
<kw name="Input Text" library="Selenium2Library">
<doc>Types the given ``text`` into the text field identified by ``locator``.</doc>
<arguments>
<arg>//*[@id="app"]/div/div/div/div/div/div[2]/div/form/div[2]/div/div[1]/input</arg>
<arg>${password}</arg>
</arguments>
<msg timestamp="20200309 15:33:59.977" level="INFO">Typing text 'hellosqa2ad' into text field '//*[@id="app"]/div/div/div/div/div/div[2]/div/form/div[2]/div/div[1]/input'.</msg>
<status status="PASS" starttime="20200309 15:33:59.977" endtime="20200309 15:34:00.909"></status>
</kw>
<kw name="Click Button" library="Selenium2Library">
<doc>Clicks the button identified by ``locator``.</doc>
<arguments>
<arg>//*[@id="app"]/div/div/div/div/div/div[2]/div/button</arg>
</arguments>
<msg timestamp="20200309 15:34:00.911" level="INFO">Clicking button '//*[@id="app"]/div/div/div/div/div/div[2]/div/button'.</msg>
<status status="PASS" starttime="20200309 15:34:00.910" endtime="20200309 15:34:02.347"></status>
</kw>
<kw name="Sleep" library="BuiltIn">
<doc>Pauses the test executed for the given time.</doc>
<arguments>
<arg>2s</arg>
</arguments>
<msg timestamp="20200309 15:34:04.350" level="INFO">Slept 2 seconds</msg>
<status status="PASS" starttime="20200309 15:34:02.347" endtime="20200309 15:34:04.350"></status>
</kw>
<status status="PASS" starttime="20200309 15:33:59.048" endtime="20200309 15:34:04.350"></status>
</kw>
<kw name="Click Reset Password">
<kw name="Click Element" library="Selenium2Library">
<doc>Click the element identified by ``locator``.</doc>
<arguments>
<arg>//*[@id="main-layout"]/div/aside/div[7]/div/a/div[2]</arg>
</arguments>
<msg timestamp="20200309 15:34:04.351" level="INFO">Clicking element '//*[@id="main-layout"]/div/aside/div[7]/div/a/div[2]'.</msg>
<status status="PASS" starttime="20200309 15:34:04.351" endtime="20200309 15:34:04.964"></status>
</kw>
<status status="PASS" starttime="20200309 15:34:04.350" endtime="20200309 15:34:04.964"></status>
</kw>
<kw name="Reset Password">
<kw name="Input Text" library="Selenium2Library">
<doc>Types the given ``text`` into the text field identified by ``locator``.</doc>
<arguments>
<arg>//*[@id="main-layout"]/div/main/div/div/div/div/div/div/div[2]/div/div/div/form/div[1]/div/div/input</arg>
<arg>hellosqa2ad</arg>
</arguments>
<msg timestamp="20200309 15:34:04.966" level="INFO">Typing text 'hellosqa2ad' into text field '//*[@id="main-layout"]/div/main/div/div/div/div/div/div/div[2]/div/div/div/form/div[1]/div/div/input'.</msg>
<status status="PASS" starttime="20200309 15:34:04.965" endtime="20200309 15:34:05.974"></status>
</kw>
<kw name="Input Text" library="Selenium2Library">
<doc>Types the given ``text`` into the text field identified by ``locator``.</doc>
<arguments>
<arg>//*[@id="main-layout"]/div/main/div/div/div/div/div/div/div[2]/div/div/div/form/div[2]/div/div/input</arg>
<arg>hellosqa3ad</arg>
</arguments>
<msg timestamp="20200309 15:34:05.975" level="INFO">Typing text 'hellosqa3ad' into text field '//*[@id="main-layout"]/div/main/div/div/div/div/div/div/div[2]/div/div/div/form/div[2]/div/div/input'.</msg>
<status status="PASS" starttime="20200309 15:34:05.974" endtime="20200309 15:34:06.928"></status>
</kw>
<kw name="Input Text" library="Selenium2Library">
<doc>Types the given ``text`` into the text field identified by ``locator``.</doc>
<arguments>
<arg>//*[@id="main-layout"]/div/main/div/div/div/div/div/div/div[2]/div/div/div/form/div[3]/div/div/input</arg>
<arg>hellosqa3ad</arg>
</arguments>
<msg timestamp="20200309 15:34:06.929" level="INFO">Typing text 'hellosqa3ad' into text field '//*[@id="main-layout"]/div/main/div/div/div/div/div/div/div[2]/div/div/div/form/div[3]/div/div/input'.</msg>
<status status="PASS" starttime="20200309 15:34:06.929" endtime="20200309 15:34:07.921"></status>
</kw>
<status status="PASS" starttime="20200309 15:34:04.964" endtime="20200309 15:34:07.921"></status>
</kw>
<kw name="Close All Browsers" library="Selenium2Library" type="teardown">
<doc>Closes all open browsers and resets the browser cache.</doc>
<status status="PASS" starttime="20200309 15:34:07.921" endtime="20200309 15:34:08.239"></status>
</kw>
<status status="PASS" starttime="20200309 15:33:55.436" endtime="20200309 15:34:08.239" critical="yes"></status>
</test>
<test id="s1-t2" name="Show Password Success">
<kw name="Open Web emp.thingsconnext.co.th/login">
<kw name="Set Selenium Speed" library="Selenium2Library">
<doc>Sets the delay that is waited after each Selenium command.</doc>
<arguments>
<arg>0.25</arg>
</arguments>
<status status="PASS" starttime="20200309 15:34:08.242" endtime="20200309 15:34:08.242"></status>
</kw>
<kw name="Open Browser" library="Selenium2Library">
<doc>Opens a new browser instance to the optional ``url``.</doc>
<arguments>
<arg>${url}</arg>
<arg>${Browsers}</arg>
</arguments>
<msg timestamp="20200309 15:34:08.243" level="INFO">Opening browser 'chrome' to base url 'https://emp.thingsconnext.co.th/login'.</msg>
<status status="PASS" starttime="20200309 15:34:08.242" endtime="20200309 15:34:12.577"></status>
</kw>
<kw name="Maximize Browser Window" library="Selenium2Library">
<doc>Maximizes current browser window.</doc>
<status status="PASS" starttime="20200309 15:34:12.578" endtime="20200309 15:34:12.998"></status>
</kw>
<status status="PASS" starttime="20200309 15:34:08.241" endtime="20200309 15:34:12.998"></status>
</kw>
<kw name="Login Success">
<kw name="Input Text" library="Selenium2Library">
<doc>Types the given ``text`` into the text field identified by ``locator``.</doc>
<arguments>
<arg>//*[@id="app"]/div/div/div/div/div/div[2]/div/form/div[1]/div/div[1]/input</arg>
<arg>${user}</arg>
</arguments>
<msg timestamp="20200309 15:34:13.000" level="INFO">Typing text 'sqa2.ad' into text field '//*[@id="app"]/div/div/div/div/div/div[2]/div/form/div[1]/div/div[1]/input'.</msg>
<status status="PASS" starttime="20200309 15:34:12.999" endtime="20200309 15:34:13.922"></status>
</kw>
<kw name="Input Text" library="Selenium2Library">
<doc>Types the given ``text`` into the text field identified by ``locator``.</doc>
<arguments>
<arg>//*[@id="app"]/div/div/div/div/div/div[2]/div/form/div[2]/div/div[1]/input</arg>
<arg>${password}</arg>
</arguments>
<msg timestamp="20200309 15:34:13.922" level="INFO">Typing text 'hellosqa2ad' into text field '//*[@id="app"]/div/div/div/div/div/div[2]/div/form/div[2]/div/div[1]/input'.</msg>
<status status="PASS" starttime="20200309 15:34:13.922" endtime="20200309 15:34:14.845"></status>
</kw>
<kw name="Click Button" library="Selenium2Library">
<doc>Clicks the button identified by ``locator``.</doc>
<arguments>
<arg>//*[@id="app"]/div/div/div/div/div/div[2]/div/button</arg>
</arguments>
<msg timestamp="20200309 15:34:14.846" level="INFO">Clicking button '//*[@id="app"]/div/div/div/div/div/div[2]/div/button'.</msg>
<status status="PASS" starttime="20200309 15:34:14.845" endtime="20200309 15:34:16.242"></status>
</kw>
<kw name="Sleep" library="BuiltIn">
<doc>Pauses the test executed for the given time.</doc>
<arguments>
<arg>2s</arg>
</arguments>
<msg timestamp="20200309 15:34:18.243" level="INFO">Slept 2 seconds</msg>
<status status="PASS" starttime="20200309 15:34:16.242" endtime="20200309 15:34:18.243"></status>
</kw>
<status status="PASS" starttime="20200309 15:34:12.999" endtime="20200309 15:34:18.244"></status>
</kw>
<kw name="Click Reset Password">
<kw name="Click Element" library="Selenium2Library">
<doc>Click the element identified by ``locator``.</doc>
<arguments>
<arg>//*[@id="main-layout"]/div/aside/div[7]/div/a/div[2]</arg>
</arguments>
<msg timestamp="20200309 15:34:18.245" level="INFO">Clicking element '//*[@id="main-layout"]/div/aside/div[7]/div/a/div[2]'.</msg>
<status status="PASS" starttime="20200309 15:34:18.245" endtime="20200309 15:34:18.845"></status>
</kw>
<status status="PASS" starttime="20200309 15:34:18.244" endtime="20200309 15:34:18.845"></status>
</kw>
<kw name="Reset Password">
<kw name="Input Text" library="Selenium2Library">
<doc>Types the given ``text`` into the text field identified by ``locator``.</doc>
<arguments>
<arg>//*[@id="main-layout"]/div/main/div/div/div/div/div/div/div[2]/div/div/div/form/div[1]/div/div/input</arg>
<arg>hellosqa2ad</arg>
</arguments>
<msg timestamp="20200309 15:34:18.846" level="INFO">Typing text 'hellosqa2ad' into text field '//*[@id="main-layout"]/div/main/div/div/div/div/div/div/div[2]/div/div/div/form/div[1]/div/div/input'.</msg>
<status status="PASS" starttime="20200309 15:34:18.846" endtime="20200309 15:34:19.865"></status>
</kw>
<kw name="Input Text" library="Selenium2Library">
<doc>Types the given ``text`` into the text field identified by ``locator``.</doc>
<arguments>
<arg>//*[@id="main-layout"]/div/main/div/div/div/div/div/div/div[2]/div/div/div/form/div[2]/div/div/input</arg>
<arg>hellosqa3ad</arg>
</arguments>
<msg timestamp="20200309 15:34:19.866" level="INFO">Typing text 'hellosqa3ad' into text field '//*[@id="main-layout"]/div/main/div/div/div/div/div/div/div[2]/div/div/div/form/div[2]/div/div/input'.</msg>
<status status="PASS" starttime="20200309 15:34:19.865" endtime="20200309 15:34:20.827"></status>
</kw>
<kw name="Input Text" library="Selenium2Library">
<doc>Types the given ``text`` into the text field identified by ``locator``.</doc>
<arguments>
<arg>//*[@id="main-layout"]/div/main/div/div/div/div/div/div/div[2]/div/div/div/form/div[3]/div/div/input</arg>
<arg>hellosqa3ad</arg>
</arguments>
<msg timestamp="20200309 15:34:20.827" level="INFO">Typing text 'hellosqa3ad' into text field '//*[@id="main-layout"]/div/main/div/div/div/div/div/div/div[2]/div/div/div/form/div[3]/div/div/input'.</msg>
<status status="PASS" starttime="20200309 15:34:20.827" endtime="20200309 15:34:21.812"></status>
</kw>
<status status="PASS" starttime="20200309 15:34:18.845" endtime="20200309 15:34:21.812"></status>
</kw>
<kw name="Show Password">
<kw name="Click Element" library="Selenium2Library">
<doc>Click the element identified by ``locator``.</doc>
<arguments>
<arg>//*[@id="main-layout"]/div/main/div/div/div/div/div/div/div[2]/div/div/div/form/div[1]/div/div/span/span/i</arg>
</arguments>
<msg timestamp="20200309 15:34:21.814" level="INFO">Clicking element '//*[@id="main-layout"]/div/main/div/div/div/div/div/div/div[2]/div/div/div/form/div[1]/div/div/span/span/i'.</msg>
<status status="PASS" starttime="20200309 15:34:21.813" endtime="20200309 15:34:22.476"></status>
</kw>
<kw name="Click Element" library="Selenium2Library">
<doc>Click the element identified by ``locator``.</doc>
<arguments>
<arg>//*[@id="main-layout"]/div/main/div/div/div/div/div/div/div[2]/div/div/div/form/div[2]/div/div/span/span/i</arg>
</arguments>
<msg timestamp="20200309 15:34:22.477" level="INFO">Clicking element '//*[@id="main-layout"]/div/main/div/div/div/div/div/div/div[2]/div/div/div/form/div[2]/div/div/span/span/i'.</msg>
<status status="PASS" starttime="20200309 15:34:22.477" endtime="20200309 15:34:23.112"></status>
</kw>
<kw name="Click Element" library="Selenium2Library">
<doc>Click the element identified by ``locator``.</doc>
<arguments>
<arg>//*[@id="main-layout"]/div/main/div/div/div/div/div/div/div[2]/div/div/div/form/div[3]/div/div/span/span/i</arg>
</arguments>
<msg timestamp="20200309 15:34:23.112" level="INFO">Clicking element '//*[@id="main-layout"]/div/main/div/div/div/div/div/div/div[2]/div/div/div/form/div[3]/div/div/span/span/i'.</msg>
<status status="PASS" starttime="20200309 15:34:23.112" endtime="20200309 15:34:23.772"></status>
</kw>
<status status="PASS" starttime="20200309 15:34:21.813" endtime="20200309 15:34:23.772"></status>
</kw>
<kw name="Close All Browsers" library="Selenium2Library" type="teardown">
<doc>Closes all open browsers and resets the browser cache.</doc>
<status status="PASS" starttime="20200309 15:34:23.773" endtime="20200309 15:34:24.083"></status>
</kw>
<status status="PASS" starttime="20200309 15:34:08.240" endtime="20200309 15:34:24.083" critical="yes"></status>
</test>
<status status="PASS" starttime="20200309 15:33:55.203" endtime="20200309 15:34:24.084"></status>
</suite>
<statistics>
<total>
<stat pass="2" fail="0">Critical Tests</stat>
<stat pass="2" fail="0">All Tests</stat>
</total>
<tag>
</tag>
<suite>
<stat pass="2" fail="0" id="s1" name="Resetpassword">Resetpassword</stat>
</suite>
</statistics>
<errors>
</errors>
</robot>
