<?xml version="1.0" encoding="UTF-8"?>
<robot generator="Robot 3.1.2 (Python 3.8.1 on darwin)" generated="20200318 15:48:35.987" rpa="false">
<suite id="s1" name="Mainlogin" source="/Users/n.pechsiri/Documents/Work/test-robot/AppRedcross/MainLogin/mainlogin.robot">
<test id="s1-t1" name="Close Search Success">
<kw name="Open App">
<kw name="Open Application" library="AppiumLibrary">
<doc>Opens a new application to given Appium server.
Capabilities of appium server, Android and iOS,
Please check https://github.com/appium/appium/blob/master/docs/en/writing-running-appium/server-args.md
| *Option*            | *Man.* | *Description*     |
| remote_url          | Yes    | Appium server url |
| alias               | no     | alias             |</doc>
<arguments>
<arg>http://localhost:4723/wd/hub</arg>
<arg>appPackage=${package_name}</arg>
<arg>app=${APP_LOCATION}</arg>
<arg>platformName=${PLATFORM_NAME}</arg>
<arg>platformVersion=${PLATFORM_VERSION}</arg>
<arg>deviceName=${deviceName}</arg>
<arg>autoGrantPermissions=true</arg>
</arguments>
<status status="PASS" starttime="20200318 15:48:36.236" endtime="20200318 15:48:44.105"></status>
</kw>
<kw name="Sleep" library="BuiltIn">
<doc>Pauses the test executed for the given time.</doc>
<arguments>
<arg>5s</arg>
</arguments>
<msg timestamp="20200318 15:48:49.107" level="INFO">Slept 5 seconds</msg>
<status status="PASS" starttime="20200318 15:48:44.105" endtime="20200318 15:48:49.107"></status>
</kw>
<status status="PASS" starttime="20200318 15:48:36.236" endtime="20200318 15:48:49.107"></status>
</kw>
<kw name="Open Login">
<kw name="Wait Until Keyword Succeeds" library="BuiltIn">
<doc>Runs the specified keyword and retries if it fails.</doc>
<arguments>
<arg>5x</arg>
<arg>2s</arg>
<arg>Click Element</arg>
<arg>//android.widget.ImageButton[@content-desc="Open navigation drawer"]</arg>
</arguments>
<kw name="Click Element" library="AppiumLibrary">
<doc>Click element identified by `locator`.</doc>
<arguments>
<arg>//android.widget.ImageButton[@content-desc="Open navigation drawer"]</arg>
</arguments>
<msg timestamp="20200318 15:48:49.110" level="INFO">Clicking element '//android.widget.ImageButton[@content-desc="Open navigation drawer"]'.</msg>
<status status="PASS" starttime="20200318 15:48:49.109" endtime="20200318 15:48:50.079"></status>
</kw>
<status status="PASS" starttime="20200318 15:48:49.108" endtime="20200318 15:48:50.079"></status>
</kw>
<kw name="Wait Until Keyword Succeeds" library="BuiltIn">
<doc>Runs the specified keyword and retries if it fails.</doc>
<arguments>
<arg>5x</arg>
<arg>2s</arg>
<arg>Click Element</arg>
<arg>com.gov.red.aed:id/linearSignIn</arg>
</arguments>
<kw name="Click Element" library="AppiumLibrary">
<doc>Click element identified by `locator`.</doc>
<arguments>
<arg>com.gov.red.aed:id/linearSignIn</arg>
</arguments>
<msg timestamp="20200318 15:48:50.081" level="INFO">Clicking element 'com.gov.red.aed:id/linearSignIn'.</msg>
<status status="PASS" starttime="20200318 15:48:50.080" endtime="20200318 15:48:51.095"></status>
</kw>
<status status="PASS" starttime="20200318 15:48:50.080" endtime="20200318 15:48:51.095"></status>
</kw>
<status status="PASS" starttime="20200318 15:48:49.108" endtime="20200318 15:48:51.095"></status>
</kw>
<kw name="Login Valid number">
<kw name="Wait Until Keyword Succeeds" library="BuiltIn">
<doc>Runs the specified keyword and retries if it fails.</doc>
<arguments>
<arg>5x</arg>
<arg>2s</arg>
<arg>Input Text</arg>
<arg>com.gov.red.aed:id/edtPhoneLogin</arg>
<arg>0982233710</arg>
</arguments>
<kw name="Input Text" library="AppiumLibrary">
<doc>Types the given `text` into text field identified by `locator`.</doc>
<arguments>
<arg>com.gov.red.aed:id/edtPhoneLogin</arg>
<arg>0982233710</arg>
</arguments>
<msg timestamp="20200318 15:48:51.097" level="INFO">Typing text '0982233710' into text field 'com.gov.red.aed:id/edtPhoneLogin'</msg>
<kw name="No Operation" library="BuiltIn">
<doc>Does absolutely nothing.</doc>
<status status="PASS" starttime="20200318 15:48:51.347" endtime="20200318 15:48:51.347"></status>
</kw>
<msg timestamp="20200318 15:48:51.351" level="FAIL">ValueError: Element locator 'com.gov.red.aed:id/edtPhoneLogin' did not match any elements.</msg>
<status status="FAIL" starttime="20200318 15:48:51.096" endtime="20200318 15:48:51.351"></status>
</kw>
<kw name="Input Text" library="AppiumLibrary">
<doc>Types the given `text` into text field identified by `locator`.</doc>
<arguments>
<arg>com.gov.red.aed:id/edtPhoneLogin</arg>
<arg>0982233710</arg>
</arguments>
<msg timestamp="20200318 15:48:53.355" level="INFO">Typing text '0982233710' into text field 'com.gov.red.aed:id/edtPhoneLogin'</msg>
<status status="PASS" starttime="20200318 15:48:53.352" endtime="20200318 15:48:53.921"></status>
</kw>
<status status="PASS" starttime="20200318 15:48:51.095" endtime="20200318 15:48:53.921"></status>
</kw>
<kw name="Click Element" library="AppiumLibrary">
<doc>Click element identified by `locator`.</doc>
<arguments>
<arg>com.gov.red.aed:id/btnConfirmLogin</arg>
</arguments>
<msg timestamp="20200318 15:48:53.923" level="INFO">Clicking element 'com.gov.red.aed:id/btnConfirmLogin'.</msg>
<status status="PASS" starttime="20200318 15:48:53.921" endtime="20200318 15:48:54.580"></status>
</kw>
<kw name="Sleep" library="BuiltIn">
<doc>Pauses the test executed for the given time.</doc>
<arguments>
<arg>20s</arg>
</arguments>
<msg timestamp="20200318 15:49:14.582" level="INFO">Slept 20 seconds</msg>
<status status="PASS" starttime="20200318 15:48:54.581" endtime="20200318 15:49:14.582"></status>
</kw>
<kw name="Click Element" library="AppiumLibrary">
<doc>Click element identified by `locator`.</doc>
<arguments>
<arg>com.gov.red.aed:id/btnConfirmOTPLogin</arg>
</arguments>
<msg timestamp="20200318 15:49:14.585" level="INFO">Clicking element 'com.gov.red.aed:id/btnConfirmOTPLogin'.</msg>
<status status="PASS" starttime="20200318 15:49:14.583" endtime="20200318 15:49:15.159"></status>
</kw>
<kw name="Sleep" library="BuiltIn">
<doc>Pauses the test executed for the given time.</doc>
<arguments>
<arg>3s</arg>
</arguments>
<msg timestamp="20200318 15:49:18.160" level="INFO">Slept 3 seconds</msg>
<status status="PASS" starttime="20200318 15:49:15.159" endtime="20200318 15:49:18.160"></status>
</kw>
<status status="PASS" starttime="20200318 15:48:51.095" endtime="20200318 15:49:18.161"></status>
</kw>
<kw name="Click Search Pass">
<kw name="Wait Until Keyword Succeeds" library="BuiltIn">
<doc>Runs the specified keyword and retries if it fails.</doc>
<arguments>
<arg>5x</arg>
<arg>2s</arg>
<arg>Click Element</arg>
<arg>xpath=/hierarchy/android.widget.FrameLayout/android.widget.LinearLayout/android.widget.FrameLayout/android.widget.LinearLayout/android.widget.FrameLayout/androidx.drawerlayout.widget.DrawerLayout/android.view.ViewGroup/android.view.ViewGroup/android.widget.RelativeLayout/android.widget.RelativeLayout[2]/android.widget.LinearLayout/android.widget.LinearLayout[3]/android.widget.LinearLayout/android.widget.ImageView</arg>
</arguments>
<kw name="Click Element" library="AppiumLibrary">
<doc>Click element identified by `locator`.</doc>
<arguments>
<arg>xpath=/hierarchy/android.widget.FrameLayout/android.widget.LinearLayout/android.widget.FrameLayout/android.widget.LinearLayout/android.widget.FrameLayout/androidx.drawerlayout.widget.DrawerLayout/android.view.ViewGroup/android.view.ViewGroup/android.widget.RelativeLayout/android.widget.RelativeLayout[2]/android.widget.LinearLayout/android.widget.LinearLayout[3]/android.widget.LinearLayout/android.widget.ImageView</arg>
</arguments>
<msg timestamp="20200318 15:49:18.165" level="INFO">Clicking element 'xpath=/hierarchy/android.widget.FrameLayout/android.widget.LinearLayout/android.widget.FrameLayout/android.widget.LinearLayout/android.widget.FrameLayout/androidx.drawerlayout.widget.DrawerLayout/android.view.ViewGroup/android.view.ViewGroup/android.widget.RelativeLayout/android.widget.RelativeLayout[2]/android.widget.LinearLayout/android.widget.LinearLayout[3]/android.widget.LinearLayout/android.widget.ImageView'.</msg>
<status status="PASS" starttime="20200318 15:49:18.162" endtime="20200318 15:49:18.348"></status>
</kw>
<status status="PASS" starttime="20200318 15:49:18.162" endtime="20200318 15:49:18.350"></status>
</kw>
<kw name="Sleep" library="BuiltIn">
<doc>Pauses the test executed for the given time.</doc>
<arguments>
<arg>3s</arg>
</arguments>
<msg timestamp="20200318 15:49:21.351" level="INFO">Slept 3 seconds</msg>
<status status="PASS" starttime="20200318 15:49:18.350" endtime="20200318 15:49:21.352"></status>
</kw>
<status status="PASS" starttime="20200318 15:49:18.161" endtime="20200318 15:49:21.352"></status>
</kw>
<kw name="Click Close Search">
<kw name="Wait Until Keyword Succeeds" library="BuiltIn">
<doc>Runs the specified keyword and retries if it fails.</doc>
<arguments>
<arg>5x</arg>
<arg>2s</arg>
<arg>Click Element</arg>
<arg>com.gov.red.aed:id/btnCloseVolunteer</arg>
</arguments>
<kw name="Click Element" library="AppiumLibrary">
<doc>Click element identified by `locator`.</doc>
<arguments>
<arg>com.gov.red.aed:id/btnCloseVolunteer</arg>
</arguments>
<msg timestamp="20200318 15:49:21.355" level="INFO">Clicking element 'com.gov.red.aed:id/btnCloseVolunteer'.</msg>
<status status="PASS" starttime="20200318 15:49:21.353" endtime="20200318 15:49:21.443"></status>
</kw>
<status status="PASS" starttime="20200318 15:49:21.353" endtime="20200318 15:49:21.443"></status>
</kw>
<kw name="Sleep" library="BuiltIn">
<doc>Pauses the test executed for the given time.</doc>
<arguments>
<arg>2s</arg>
</arguments>
<msg timestamp="20200318 15:49:23.445" level="INFO">Slept 2 seconds</msg>
<status status="PASS" starttime="20200318 15:49:21.443" endtime="20200318 15:49:23.446"></status>
</kw>
<status status="PASS" starttime="20200318 15:49:21.352" endtime="20200318 15:49:23.446"></status>
</kw>
<status status="PASS" starttime="20200318 15:48:36.236" endtime="20200318 15:49:23.447" critical="yes"></status>
</test>
<kw name="Remove" type="teardown">
<kw name="Remove Application" library="AppiumLibrary">
<doc>Removes the application that is identified with an application id</doc>
<arguments>
<arg>${package_name}</arg>
</arguments>
<status status="PASS" starttime="20200318 15:49:23.449" endtime="20200318 15:49:24.178"></status>
</kw>
<status status="PASS" starttime="20200318 15:49:23.449" endtime="20200318 15:49:24.178"></status>
</kw>
<status status="PASS" starttime="20200318 15:48:35.988" endtime="20200318 15:49:24.178"></status>
</suite>
<statistics>
<total>
<stat pass="1" fail="0">Critical Tests</stat>
<stat pass="1" fail="0">All Tests</stat>
</total>
<tag>
</tag>
<suite>
<stat pass="1" fail="0" id="s1" name="Mainlogin">Mainlogin</stat>
</suite>
</statistics>
<errors>
</errors>
</robot>
