<?xml version="1.0" encoding="UTF-8"?>
<robot generator="Robot 3.1.2 (Python 3.8.1 on darwin)" generated="20200320 16:50:36.727" rpa="false">
<suite id="s1" name="mainNologin" source="/Users/n.pechsiri/Documents/Work/test-robot/AppRedcross/MainNologin/mainNologin.robot">
<test id="s1-t1" name="Show Search Success">
<kw name="Open App">
<kw name="Open Application" library="AppiumLibrary">
<doc>Opens a new application to given Appium server.
Capabilities of appium server, Android and iOS,
Please check https://github.com/appium/appium/blob/master/docs/en/writing-running-appium/server-args.md
| *Option*            | *Man.* | *Description*     |
| remote_url          | Yes    | Appium server url |
| alias               | no     | alias             |</doc>
<arguments>
<arg>http://localhost:4723/wd/hub</arg>
<arg>appPackage=${package_name}</arg>
<arg>app=${APP_LOCATION}</arg>
<arg>platformName=${PLATFORM_NAME}</arg>
<arg>platformVersion=${PLATFORM_VERSION}</arg>
<arg>deviceName=${deviceName}</arg>
<arg>autoGrantPermissions=true</arg>
</arguments>
<status status="PASS" starttime="20200320 16:50:36.978" endtime="20200320 16:50:48.101"></status>
</kw>
<kw name="Sleep" library="BuiltIn">
<doc>Pauses the test executed for the given time.</doc>
<arguments>
<arg>5s</arg>
</arguments>
<msg timestamp="20200320 16:50:53.104" level="INFO">Slept 5 seconds</msg>
<status status="PASS" starttime="20200320 16:50:48.101" endtime="20200320 16:50:53.104"></status>
</kw>
<status status="PASS" starttime="20200320 16:50:36.977" endtime="20200320 16:50:53.104"></status>
</kw>
<kw name="Click Search Pass">
<kw name="Wait Until Keyword Succeeds" library="BuiltIn">
<doc>Runs the specified keyword and retries if it fails.</doc>
<arguments>
<arg>5x</arg>
<arg>2s</arg>
<arg>Click Element</arg>
<arg>xpath=/hierarchy/android.widget.FrameLayout/android.widget.LinearLayout/android.widget.FrameLayout/android.widget.LinearLayout/android.widget.FrameLayout/androidx.drawerlayout.widget.DrawerLayout/android.view.ViewGroup/android.view.ViewGroup/android.widget.RelativeLayout/android.widget.RelativeLayout[2]/android.widget.LinearLayout/android.widget.LinearLayout[3]/android.widget.LinearLayout/android.widget.ImageView</arg>
</arguments>
<kw name="Click Element" library="AppiumLibrary">
<doc>Click element identified by `locator`.</doc>
<arguments>
<arg>xpath=/hierarchy/android.widget.FrameLayout/android.widget.LinearLayout/android.widget.FrameLayout/android.widget.LinearLayout/android.widget.FrameLayout/androidx.drawerlayout.widget.DrawerLayout/android.view.ViewGroup/android.view.ViewGroup/android.widget.RelativeLayout/android.widget.RelativeLayout[2]/android.widget.LinearLayout/android.widget.LinearLayout[3]/android.widget.LinearLayout/android.widget.ImageView</arg>
</arguments>
<msg timestamp="20200320 16:50:53.106" level="INFO">Clicking element 'xpath=/hierarchy/android.widget.FrameLayout/android.widget.LinearLayout/android.widget.FrameLayout/android.widget.LinearLayout/android.widget.FrameLayout/androidx.drawerlayout.widget.DrawerLayout/android.view.ViewGroup/android.view.ViewGroup/android.widget.RelativeLayout/android.widget.RelativeLayout[2]/android.widget.LinearLayout/android.widget.LinearLayout[3]/android.widget.LinearLayout/android.widget.ImageView'.</msg>
<status status="PASS" starttime="20200320 16:50:53.105" endtime="20200320 16:50:53.573"></status>
</kw>
<status status="PASS" starttime="20200320 16:50:53.105" endtime="20200320 16:50:53.573"></status>
</kw>
<kw name="Wait Until Keyword Succeeds" library="BuiltIn">
<doc>Runs the specified keyword and retries if it fails.</doc>
<arguments>
<arg>5x</arg>
<arg>2s</arg>
<arg>Click Element</arg>
<arg>com.gov.red.aed:id/btnIntentLogin</arg>
</arguments>
<kw name="Click Element" library="AppiumLibrary">
<doc>Click element identified by `locator`.</doc>
<arguments>
<arg>com.gov.red.aed:id/btnIntentLogin</arg>
</arguments>
<msg timestamp="20200320 16:50:53.576" level="INFO">Clicking element 'com.gov.red.aed:id/btnIntentLogin'.</msg>
<kw name="No Operation" library="BuiltIn">
<doc>Does absolutely nothing.</doc>
<status status="PASS" starttime="20200320 16:50:53.748" endtime="20200320 16:50:53.749"></status>
</kw>
<msg timestamp="20200320 16:50:53.751" level="FAIL">ValueError: Element locator 'com.gov.red.aed:id/btnIntentLogin' did not match any elements.</msg>
<status status="FAIL" starttime="20200320 16:50:53.574" endtime="20200320 16:50:53.751"></status>
</kw>
<kw name="Click Element" library="AppiumLibrary">
<doc>Click element identified by `locator`.</doc>
<arguments>
<arg>com.gov.red.aed:id/btnIntentLogin</arg>
</arguments>
<msg timestamp="20200320 16:50:55.754" level="INFO">Clicking element 'com.gov.red.aed:id/btnIntentLogin'.</msg>
<status status="PASS" starttime="20200320 16:50:55.752" endtime="20200320 16:50:55.837"></status>
</kw>
<status status="PASS" starttime="20200320 16:50:53.573" endtime="20200320 16:50:55.837"></status>
</kw>
<kw name="Sleep" library="BuiltIn">
<doc>Pauses the test executed for the given time.</doc>
<arguments>
<arg>3s</arg>
</arguments>
<msg timestamp="20200320 16:50:58.838" level="INFO">Slept 3 seconds</msg>
<status status="PASS" starttime="20200320 16:50:55.838" endtime="20200320 16:50:58.839"></status>
</kw>
<status status="PASS" starttime="20200320 16:50:53.105" endtime="20200320 16:50:58.839"></status>
</kw>
<kw name="Login Valid number">
<kw name="Wait Until Keyword Succeeds" library="BuiltIn">
<doc>Runs the specified keyword and retries if it fails.</doc>
<arguments>
<arg>5x</arg>
<arg>2s</arg>
<arg>Input Text</arg>
<arg>com.gov.red.aed:id/edtPhoneLogin</arg>
<arg>0982233710</arg>
</arguments>
<kw name="Input Text" library="AppiumLibrary">
<doc>Types the given `text` into text field identified by `locator`.</doc>
<arguments>
<arg>com.gov.red.aed:id/edtPhoneLogin</arg>
<arg>0982233710</arg>
</arguments>
<msg timestamp="20200320 16:50:58.844" level="INFO">Typing text '0982233710' into text field 'com.gov.red.aed:id/edtPhoneLogin'</msg>
<status status="PASS" starttime="20200320 16:50:58.841" endtime="20200320 16:50:58.944"></status>
</kw>
<status status="PASS" starttime="20200320 16:50:58.840" endtime="20200320 16:50:58.944"></status>
</kw>
<kw name="Wait Until Keyword Succeeds" library="BuiltIn">
<doc>Runs the specified keyword and retries if it fails.</doc>
<arguments>
<arg>5x</arg>
<arg>2s</arg>
<arg>Click Element</arg>
<arg>com.gov.red.aed:id/btnConfirmLogin</arg>
</arguments>
<kw name="Click Element" library="AppiumLibrary">
<doc>Click element identified by `locator`.</doc>
<arguments>
<arg>com.gov.red.aed:id/btnConfirmLogin</arg>
</arguments>
<msg timestamp="20200320 16:50:58.946" level="INFO">Clicking element 'com.gov.red.aed:id/btnConfirmLogin'.</msg>
<status status="PASS" starttime="20200320 16:50:58.945" endtime="20200320 16:50:59.615"></status>
</kw>
<status status="PASS" starttime="20200320 16:50:58.945" endtime="20200320 16:50:59.615"></status>
</kw>
<kw name="Sleep" library="BuiltIn">
<doc>Pauses the test executed for the given time.</doc>
<arguments>
<arg>20s</arg>
</arguments>
<msg timestamp="20200320 16:51:19.616" level="INFO">Slept 20 seconds</msg>
<status status="PASS" starttime="20200320 16:50:59.615" endtime="20200320 16:51:19.617"></status>
</kw>
<kw name="Wait Until Keyword Succeeds" library="BuiltIn">
<doc>Runs the specified keyword and retries if it fails.</doc>
<arguments>
<arg>5x</arg>
<arg>2s</arg>
<arg>Click Element</arg>
<arg>com.gov.red.aed:id/btnConfirmOTPLogin</arg>
</arguments>
<kw name="Click Element" library="AppiumLibrary">
<doc>Click element identified by `locator`.</doc>
<arguments>
<arg>com.gov.red.aed:id/btnConfirmOTPLogin</arg>
</arguments>
<msg timestamp="20200320 16:51:19.620" level="INFO">Clicking element 'com.gov.red.aed:id/btnConfirmOTPLogin'.</msg>
<status status="PASS" starttime="20200320 16:51:19.618" endtime="20200320 16:51:19.723"></status>
</kw>
<status status="PASS" starttime="20200320 16:51:19.617" endtime="20200320 16:51:19.723"></status>
</kw>
<kw name="Sleep" library="BuiltIn">
<doc>Pauses the test executed for the given time.</doc>
<arguments>
<arg>5s</arg>
</arguments>
<msg timestamp="20200320 16:51:24.724" level="INFO">Slept 5 seconds</msg>
<status status="PASS" starttime="20200320 16:51:19.724" endtime="20200320 16:51:24.726"></status>
</kw>
<status status="PASS" starttime="20200320 16:50:58.839" endtime="20200320 16:51:24.726"></status>
</kw>
<kw name="Click Search Pass Again">
<kw name="Wait Until Keyword Succeeds" library="BuiltIn">
<doc>Runs the specified keyword and retries if it fails.</doc>
<arguments>
<arg>5x</arg>
<arg>2s</arg>
<arg>Click Element</arg>
<arg>xpath=/hierarchy/android.widget.FrameLayout/android.widget.LinearLayout/android.widget.FrameLayout/android.widget.LinearLayout/android.widget.FrameLayout/androidx.drawerlayout.widget.DrawerLayout/android.view.ViewGroup/android.view.ViewGroup/android.widget.RelativeLayout/android.widget.RelativeLayout[2]/android.widget.LinearLayout/android.widget.LinearLayout[3]/android.widget.LinearLayout/android.widget.ImageView</arg>
</arguments>
<kw name="Click Element" library="AppiumLibrary">
<doc>Click element identified by `locator`.</doc>
<arguments>
<arg>xpath=/hierarchy/android.widget.FrameLayout/android.widget.LinearLayout/android.widget.FrameLayout/android.widget.LinearLayout/android.widget.FrameLayout/androidx.drawerlayout.widget.DrawerLayout/android.view.ViewGroup/android.view.ViewGroup/android.widget.RelativeLayout/android.widget.RelativeLayout[2]/android.widget.LinearLayout/android.widget.LinearLayout[3]/android.widget.LinearLayout/android.widget.ImageView</arg>
</arguments>
<msg timestamp="20200320 16:51:24.729" level="INFO">Clicking element 'xpath=/hierarchy/android.widget.FrameLayout/android.widget.LinearLayout/android.widget.FrameLayout/android.widget.LinearLayout/android.widget.FrameLayout/androidx.drawerlayout.widget.DrawerLayout/android.view.ViewGroup/android.view.ViewGroup/android.widget.RelativeLayout/android.widget.RelativeLayout[2]/android.widget.LinearLayout/android.widget.LinearLayout[3]/android.widget.LinearLayout/android.widget.ImageView'.</msg>
<kw name="No Operation" library="BuiltIn">
<doc>Does absolutely nothing.</doc>
<status status="PASS" starttime="20200320 16:51:24.731" endtime="20200320 16:51:24.731"></status>
</kw>
<msg timestamp="20200320 16:51:24.744" level="FAIL">ProtocolError: ('Connection aborted.', ConnectionResetError(54, 'Connection reset by peer'))</msg>
<status status="FAIL" starttime="20200320 16:51:24.727" endtime="20200320 16:51:24.744"></status>
</kw>
<kw name="Click Element" library="AppiumLibrary">
<doc>Click element identified by `locator`.</doc>
<arguments>
<arg>xpath=/hierarchy/android.widget.FrameLayout/android.widget.LinearLayout/android.widget.FrameLayout/android.widget.LinearLayout/android.widget.FrameLayout/androidx.drawerlayout.widget.DrawerLayout/android.view.ViewGroup/android.view.ViewGroup/android.widget.RelativeLayout/android.widget.RelativeLayout[2]/android.widget.LinearLayout/android.widget.LinearLayout[3]/android.widget.LinearLayout/android.widget.ImageView</arg>
</arguments>
<msg timestamp="20200320 16:51:26.748" level="INFO">Clicking element 'xpath=/hierarchy/android.widget.FrameLayout/android.widget.LinearLayout/android.widget.FrameLayout/android.widget.LinearLayout/android.widget.FrameLayout/androidx.drawerlayout.widget.DrawerLayout/android.view.ViewGroup/android.view.ViewGroup/android.widget.RelativeLayout/android.widget.RelativeLayout[2]/android.widget.LinearLayout/android.widget.LinearLayout[3]/android.widget.LinearLayout/android.widget.ImageView'.</msg>
<kw name="No Operation" library="BuiltIn">
<doc>Does absolutely nothing.</doc>
<status status="PASS" starttime="20200320 16:51:26.878" endtime="20200320 16:51:26.879"></status>
</kw>
<msg timestamp="20200320 16:51:26.880" level="FAIL">ValueError: Element locator 'xpath=/hierarchy/android.widget.FrameLayout/android.widget.LinearLayout/android.widget.FrameLayout/android.widget.LinearLayout/android.widget.FrameLayout/androidx.drawerlayout.widget.DrawerLayout/android.view.ViewGroup/android.view.ViewGroup/android.widget.RelativeLayout/android.widget.RelativeLayout[2]/android.widget.LinearLayout/android.widget.LinearLayout[3]/android.widget.LinearLayout/android.widget.ImageView' did not match any elements.</msg>
<status status="FAIL" starttime="20200320 16:51:26.746" endtime="20200320 16:51:26.880"></status>
</kw>
<kw name="Click Element" library="AppiumLibrary">
<doc>Click element identified by `locator`.</doc>
<arguments>
<arg>xpath=/hierarchy/android.widget.FrameLayout/android.widget.LinearLayout/android.widget.FrameLayout/android.widget.LinearLayout/android.widget.FrameLayout/androidx.drawerlayout.widget.DrawerLayout/android.view.ViewGroup/android.view.ViewGroup/android.widget.RelativeLayout/android.widget.RelativeLayout[2]/android.widget.LinearLayout/android.widget.LinearLayout[3]/android.widget.LinearLayout/android.widget.ImageView</arg>
</arguments>
<msg timestamp="20200320 16:51:28.883" level="INFO">Clicking element 'xpath=/hierarchy/android.widget.FrameLayout/android.widget.LinearLayout/android.widget.FrameLayout/android.widget.LinearLayout/android.widget.FrameLayout/androidx.drawerlayout.widget.DrawerLayout/android.view.ViewGroup/android.view.ViewGroup/android.widget.RelativeLayout/android.widget.RelativeLayout[2]/android.widget.LinearLayout/android.widget.LinearLayout[3]/android.widget.LinearLayout/android.widget.ImageView'.</msg>
<kw name="No Operation" library="BuiltIn">
<doc>Does absolutely nothing.</doc>
<status status="PASS" starttime="20200320 16:51:29.026" endtime="20200320 16:51:29.026"></status>
</kw>
<msg timestamp="20200320 16:51:29.027" level="FAIL">ValueError: Element locator 'xpath=/hierarchy/android.widget.FrameLayout/android.widget.LinearLayout/android.widget.FrameLayout/android.widget.LinearLayout/android.widget.FrameLayout/androidx.drawerlayout.widget.DrawerLayout/android.view.ViewGroup/android.view.ViewGroup/android.widget.RelativeLayout/android.widget.RelativeLayout[2]/android.widget.LinearLayout/android.widget.LinearLayout[3]/android.widget.LinearLayout/android.widget.ImageView' did not match any elements.</msg>
<status status="FAIL" starttime="20200320 16:51:28.880" endtime="20200320 16:51:29.027"></status>
</kw>
<kw name="Click Element" library="AppiumLibrary">
<doc>Click element identified by `locator`.</doc>
<arguments>
<arg>xpath=/hierarchy/android.widget.FrameLayout/android.widget.LinearLayout/android.widget.FrameLayout/android.widget.LinearLayout/android.widget.FrameLayout/androidx.drawerlayout.widget.DrawerLayout/android.view.ViewGroup/android.view.ViewGroup/android.widget.RelativeLayout/android.widget.RelativeLayout[2]/android.widget.LinearLayout/android.widget.LinearLayout[3]/android.widget.LinearLayout/android.widget.ImageView</arg>
</arguments>
<msg timestamp="20200320 16:51:31.031" level="INFO">Clicking element 'xpath=/hierarchy/android.widget.FrameLayout/android.widget.LinearLayout/android.widget.FrameLayout/android.widget.LinearLayout/android.widget.FrameLayout/androidx.drawerlayout.widget.DrawerLayout/android.view.ViewGroup/android.view.ViewGroup/android.widget.RelativeLayout/android.widget.RelativeLayout[2]/android.widget.LinearLayout/android.widget.LinearLayout[3]/android.widget.LinearLayout/android.widget.ImageView'.</msg>
<kw name="No Operation" library="BuiltIn">
<doc>Does absolutely nothing.</doc>
<status status="PASS" starttime="20200320 16:51:31.576" endtime="20200320 16:51:31.576"></status>
</kw>
<msg timestamp="20200320 16:51:31.576" level="FAIL">ValueError: Element locator 'xpath=/hierarchy/android.widget.FrameLayout/android.widget.LinearLayout/android.widget.FrameLayout/android.widget.LinearLayout/android.widget.FrameLayout/androidx.drawerlayout.widget.DrawerLayout/android.view.ViewGroup/android.view.ViewGroup/android.widget.RelativeLayout/android.widget.RelativeLayout[2]/android.widget.LinearLayout/android.widget.LinearLayout[3]/android.widget.LinearLayout/android.widget.ImageView' did not match any elements.</msg>
<status status="FAIL" starttime="20200320 16:51:31.028" endtime="20200320 16:51:31.576"></status>
</kw>
<kw name="Click Element" library="AppiumLibrary">
<doc>Click element identified by `locator`.</doc>
<arguments>
<arg>xpath=/hierarchy/android.widget.FrameLayout/android.widget.LinearLayout/android.widget.FrameLayout/android.widget.LinearLayout/android.widget.FrameLayout/androidx.drawerlayout.widget.DrawerLayout/android.view.ViewGroup/android.view.ViewGroup/android.widget.RelativeLayout/android.widget.RelativeLayout[2]/android.widget.LinearLayout/android.widget.LinearLayout[3]/android.widget.LinearLayout/android.widget.ImageView</arg>
</arguments>
<msg timestamp="20200320 16:51:33.586" level="INFO">Clicking element 'xpath=/hierarchy/android.widget.FrameLayout/android.widget.LinearLayout/android.widget.FrameLayout/android.widget.LinearLayout/android.widget.FrameLayout/androidx.drawerlayout.widget.DrawerLayout/android.view.ViewGroup/android.view.ViewGroup/android.widget.RelativeLayout/android.widget.RelativeLayout[2]/android.widget.LinearLayout/android.widget.LinearLayout[3]/android.widget.LinearLayout/android.widget.ImageView'.</msg>
<kw name="No Operation" library="BuiltIn">
<doc>Does absolutely nothing.</doc>
<status status="PASS" starttime="20200320 16:51:33.729" endtime="20200320 16:51:33.729"></status>
</kw>
<msg timestamp="20200320 16:51:33.730" level="FAIL">ValueError: Element locator 'xpath=/hierarchy/android.widget.FrameLayout/android.widget.LinearLayout/android.widget.FrameLayout/android.widget.LinearLayout/android.widget.FrameLayout/androidx.drawerlayout.widget.DrawerLayout/android.view.ViewGroup/android.view.ViewGroup/android.widget.RelativeLayout/android.widget.RelativeLayout[2]/android.widget.LinearLayout/android.widget.LinearLayout[3]/android.widget.LinearLayout/android.widget.ImageView' did not match any elements.</msg>
<status status="FAIL" starttime="20200320 16:51:33.578" endtime="20200320 16:51:33.730"></status>
</kw>
<msg timestamp="20200320 16:51:33.730" level="FAIL">Keyword 'Click Element' failed after retrying 5 times. The last error was: ValueError: Element locator 'xpath=/hierarchy/android.widget.FrameLayout/android.widget.LinearLayout/android.widget.FrameLayout/android.widget.LinearLayout/android.widget.FrameLayout/androidx.drawerlayout.widget.DrawerLayout/android.view.ViewGroup/android.view.ViewGroup/android.widget.RelativeLayout/android.widget.RelativeLayout[2]/android.widget.LinearLayout/android.widget.LinearLayout[3]/android.widget.LinearLayout/android.widget.ImageView' did not match any elements.</msg>
<status status="FAIL" starttime="20200320 16:51:24.727" endtime="20200320 16:51:33.730"></status>
</kw>
<status status="FAIL" starttime="20200320 16:51:24.726" endtime="20200320 16:51:33.733"></status>
</kw>
<status status="FAIL" starttime="20200320 16:50:36.976" endtime="20200320 16:51:33.733" critical="yes">Keyword 'Click Element' failed after retrying 5 times. The last error was: ValueError: Element locator 'xpath=/hierarchy/android.widget.FrameLayout/android.widget.LinearLayout/android.widget.FrameLayout/android.widget.LinearLayout/android.widget.FrameLayout/androidx.drawerlayout.widget.DrawerLayout/android.view.ViewGroup/android.view.ViewGroup/android.widget.RelativeLayout/android.widget.RelativeLayout[2]/android.widget.LinearLayout/android.widget.LinearLayout[3]/android.widget.LinearLayout/android.widget.ImageView' did not match any elements.</status>
</test>
<test id="s1-t2" name="Open Search Fail">
<kw name="Open App">
<kw name="Open Application" library="AppiumLibrary">
<doc>Opens a new application to given Appium server.
Capabilities of appium server, Android and iOS,
Please check https://github.com/appium/appium/blob/master/docs/en/writing-running-appium/server-args.md
| *Option*            | *Man.* | *Description*     |
| remote_url          | Yes    | Appium server url |
| alias               | no     | alias             |</doc>
<arguments>
<arg>http://localhost:4723/wd/hub</arg>
<arg>appPackage=${package_name}</arg>
<arg>app=${APP_LOCATION}</arg>
<arg>platformName=${PLATFORM_NAME}</arg>
<arg>platformVersion=${PLATFORM_VERSION}</arg>
<arg>deviceName=${deviceName}</arg>
<arg>autoGrantPermissions=true</arg>
</arguments>
<status status="PASS" starttime="20200320 16:51:33.735" endtime="20200320 16:51:46.078"></status>
</kw>
<kw name="Sleep" library="BuiltIn">
<doc>Pauses the test executed for the given time.</doc>
<arguments>
<arg>5s</arg>
</arguments>
<msg timestamp="20200320 16:51:51.079" level="INFO">Slept 5 seconds</msg>
<status status="PASS" starttime="20200320 16:51:46.078" endtime="20200320 16:51:51.079"></status>
</kw>
<status status="PASS" starttime="20200320 16:51:33.734" endtime="20200320 16:51:51.079"></status>
</kw>
<kw name="Click Search Fail">
<kw name="Wait Until Keyword Succeeds" library="BuiltIn">
<doc>Runs the specified keyword and retries if it fails.</doc>
<arguments>
<arg>5x</arg>
<arg>2s</arg>
<arg>Click Element</arg>
<arg>xpath=/hierarchy/android.widget.FrameLayout/android.widget.LinearLayout/android.widget.FrameLayout/android.widget.LinearLayout/android.widget.FrameLayout/androidx.drawerlayout.widget.DrawerLayout/android.view.ViewGroup/android.view.ViewGroup/android.widget.RelativeLayout/android.widget.RelativeLayout[2]/android.widget.LinearLayout/android.widget.LinearLayout[3]/android.widget.LinearLayout/android.widget.ImageView</arg>
</arguments>
<kw name="Click Element" library="AppiumLibrary">
<doc>Click element identified by `locator`.</doc>
<arguments>
<arg>xpath=/hierarchy/android.widget.FrameLayout/android.widget.LinearLayout/android.widget.FrameLayout/android.widget.LinearLayout/android.widget.FrameLayout/androidx.drawerlayout.widget.DrawerLayout/android.view.ViewGroup/android.view.ViewGroup/android.widget.RelativeLayout/android.widget.RelativeLayout[2]/android.widget.LinearLayout/android.widget.LinearLayout[3]/android.widget.LinearLayout/android.widget.ImageView</arg>
</arguments>
<msg timestamp="20200320 16:51:51.081" level="INFO">Clicking element 'xpath=/hierarchy/android.widget.FrameLayout/android.widget.LinearLayout/android.widget.FrameLayout/android.widget.LinearLayout/android.widget.FrameLayout/androidx.drawerlayout.widget.DrawerLayout/android.view.ViewGroup/android.view.ViewGroup/android.widget.RelativeLayout/android.widget.RelativeLayout[2]/android.widget.LinearLayout/android.widget.LinearLayout[3]/android.widget.LinearLayout/android.widget.ImageView'.</msg>
<kw name="No Operation" library="BuiltIn">
<doc>Does absolutely nothing.</doc>
<status status="PASS" starttime="20200320 16:51:51.083" endtime="20200320 16:51:51.083"></status>
</kw>
<msg timestamp="20200320 16:51:51.084" level="FAIL">ProtocolError: ('Connection aborted.', ConnectionResetError(54, 'Connection reset by peer'))</msg>
<status status="FAIL" starttime="20200320 16:51:51.080" endtime="20200320 16:51:51.084"></status>
</kw>
<kw name="Click Element" library="AppiumLibrary">
<doc>Click element identified by `locator`.</doc>
<arguments>
<arg>xpath=/hierarchy/android.widget.FrameLayout/android.widget.LinearLayout/android.widget.FrameLayout/android.widget.LinearLayout/android.widget.FrameLayout/androidx.drawerlayout.widget.DrawerLayout/android.view.ViewGroup/android.view.ViewGroup/android.widget.RelativeLayout/android.widget.RelativeLayout[2]/android.widget.LinearLayout/android.widget.LinearLayout[3]/android.widget.LinearLayout/android.widget.ImageView</arg>
</arguments>
<msg timestamp="20200320 16:51:53.089" level="INFO">Clicking element 'xpath=/hierarchy/android.widget.FrameLayout/android.widget.LinearLayout/android.widget.FrameLayout/android.widget.LinearLayout/android.widget.FrameLayout/androidx.drawerlayout.widget.DrawerLayout/android.view.ViewGroup/android.view.ViewGroup/android.widget.RelativeLayout/android.widget.RelativeLayout[2]/android.widget.LinearLayout/android.widget.LinearLayout[3]/android.widget.LinearLayout/android.widget.ImageView'.</msg>
<status status="PASS" starttime="20200320 16:51:53.086" endtime="20200320 16:51:53.577"></status>
</kw>
<status status="PASS" starttime="20200320 16:51:51.080" endtime="20200320 16:51:53.577"></status>
</kw>
<kw name="Wait Until Keyword Succeeds" library="BuiltIn">
<doc>Runs the specified keyword and retries if it fails.</doc>
<arguments>
<arg>5x</arg>
<arg>2s</arg>
<arg>Click Element</arg>
<arg>com.gov.red.aed:id/btnCancelLogin</arg>
</arguments>
<kw name="Click Element" library="AppiumLibrary">
<doc>Click element identified by `locator`.</doc>
<arguments>
<arg>com.gov.red.aed:id/btnCancelLogin</arg>
</arguments>
<msg timestamp="20200320 16:51:53.579" level="INFO">Clicking element 'com.gov.red.aed:id/btnCancelLogin'.</msg>
<status status="PASS" starttime="20200320 16:51:53.577" endtime="20200320 16:51:54.177"></status>
</kw>
<status status="PASS" starttime="20200320 16:51:53.577" endtime="20200320 16:51:54.178"></status>
</kw>
<kw name="Sleep" library="BuiltIn">
<doc>Pauses the test executed for the given time.</doc>
<arguments>
<arg>2s</arg>
</arguments>
<msg timestamp="20200320 16:51:56.181" level="INFO">Slept 2 seconds</msg>
<status status="PASS" starttime="20200320 16:51:54.179" endtime="20200320 16:51:56.181"></status>
</kw>
<status status="PASS" starttime="20200320 16:51:51.080" endtime="20200320 16:51:56.181"></status>
</kw>
<status status="PASS" starttime="20200320 16:51:33.734" endtime="20200320 16:51:56.181" critical="yes"></status>
</test>
<status status="FAIL" starttime="20200320 16:50:36.728" endtime="20200320 16:51:56.184"></status>
</suite>
<statistics>
<total>
<stat pass="1" fail="1">Critical Tests</stat>
<stat pass="1" fail="1">All Tests</stat>
</total>
<tag>
</tag>
<suite>
<stat pass="1" fail="1" id="s1" name="mainNologin">mainNologin</stat>
</suite>
</statistics>
<errors>
</errors>
</robot>
