<?xml version="1.0" encoding="UTF-8"?>
<robot generator="Robot 3.1.2 (Python 3.8.1 on darwin)" generated="20200309 16:21:03.811" rpa="false">
<suite id="s1" name="Log" source="/Users/n.pechsiri/Documents/Work/test-robot/test-faceid/logs/log.robot">
<test id="s1-t1" name="Filter Logs Success">
<kw name="Open Web emp.thingsconnext.co.th/login">
<kw name="Set Selenium Speed" library="Selenium2Library">
<doc>Sets the delay that is waited after each Selenium command.</doc>
<arguments>
<arg>0.25</arg>
</arguments>
<status status="PASS" starttime="20200309 16:21:04.051" endtime="20200309 16:21:04.052"></status>
</kw>
<kw name="Open Browser" library="Selenium2Library">
<doc>Opens a new browser instance to the optional ``url``.</doc>
<arguments>
<arg>${url}</arg>
<arg>${Browsers}</arg>
</arguments>
<msg timestamp="20200309 16:21:04.053" level="INFO">Opening browser 'chrome' to base url 'https://emp.thingsconnext.co.th/login'.</msg>
<status status="PASS" starttime="20200309 16:21:04.053" endtime="20200309 16:21:07.333"></status>
</kw>
<kw name="Maximize Browser Window" library="Selenium2Library">
<doc>Maximizes current browser window.</doc>
<status status="PASS" starttime="20200309 16:21:07.333" endtime="20200309 16:21:07.837"></status>
</kw>
<status status="PASS" starttime="20200309 16:21:04.051" endtime="20200309 16:21:07.837"></status>
</kw>
<kw name="Login Success">
<kw name="Input Text" library="Selenium2Library">
<doc>Types the given ``text`` into the text field identified by ``locator``.</doc>
<arguments>
<arg>//*[@id="app"]/div/div/div/div/div/div[2]/div/form/div[1]/div/div[1]/input</arg>
<arg>${user}</arg>
</arguments>
<msg timestamp="20200309 16:21:07.838" level="INFO">Typing text 'sqa2.ad' into text field '//*[@id="app"]/div/div/div/div/div/div[2]/div/form/div[1]/div/div[1]/input'.</msg>
<status status="PASS" starttime="20200309 16:21:07.838" endtime="20200309 16:21:08.772"></status>
</kw>
<kw name="Input Text" library="Selenium2Library">
<doc>Types the given ``text`` into the text field identified by ``locator``.</doc>
<arguments>
<arg>//*[@id="app"]/div/div/div/div/div/div[2]/div/form/div[2]/div/div[1]/input</arg>
<arg>${password}</arg>
</arguments>
<msg timestamp="20200309 16:21:08.772" level="INFO">Typing text 'hellosqa2ad' into text field '//*[@id="app"]/div/div/div/div/div/div[2]/div/form/div[2]/div/div[1]/input'.</msg>
<status status="PASS" starttime="20200309 16:21:08.772" endtime="20200309 16:21:09.691"></status>
</kw>
<kw name="Click Button" library="Selenium2Library">
<doc>Clicks the button identified by ``locator``.</doc>
<arguments>
<arg>//*[@id="app"]/div/div/div/div/div/div[2]/div/button</arg>
</arguments>
<msg timestamp="20200309 16:21:09.691" level="INFO">Clicking button '//*[@id="app"]/div/div/div/div/div/div[2]/div/button'.</msg>
<status status="PASS" starttime="20200309 16:21:09.691" endtime="20200309 16:21:11.107"></status>
</kw>
<kw name="Sleep" library="BuiltIn">
<doc>Pauses the test executed for the given time.</doc>
<arguments>
<arg>2s</arg>
</arguments>
<msg timestamp="20200309 16:21:13.108" level="INFO">Slept 2 seconds</msg>
<status status="PASS" starttime="20200309 16:21:11.108" endtime="20200309 16:21:13.109"></status>
</kw>
<status status="PASS" starttime="20200309 16:21:07.837" endtime="20200309 16:21:13.109"></status>
</kw>
<kw name="Click Filter">
<kw name="Click Element" library="Selenium2Library">
<doc>Click the element identified by ``locator``.</doc>
<arguments>
<arg>//*[@id="main-layout"]/div/aside/div[5]/div/a/div[2]</arg>
</arguments>
<msg timestamp="20200309 16:21:13.111" level="INFO">Clicking element '//*[@id="main-layout"]/div/aside/div[5]/div/a/div[2]'.</msg>
<status status="PASS" starttime="20200309 16:21:13.110" endtime="20200309 16:21:13.708"></status>
</kw>
<kw name="Click Element" library="Selenium2Library">
<doc>Click the element identified by ``locator``.</doc>
<arguments>
<arg>//*[@id="main-layout"]/div/main/div/div/div/div/div/div[1]/div[1]/div/div[2]/div[2]/button</arg>
</arguments>
<msg timestamp="20200309 16:21:13.708" level="INFO">Clicking element '//*[@id="main-layout"]/div/main/div/div/div/div/div/div[1]/div[1]/div/div[2]/div[2]/button'.</msg>
<status status="PASS" starttime="20200309 16:21:13.708" endtime="20200309 16:21:14.374"></status>
</kw>
<kw name="Click Element" library="Selenium2Library">
<doc>Click the element identified by ``locator``.</doc>
<arguments>
<arg>//*[@id="main-layout"]/div/main/div/div/div/div/div/div[3]/div/div[2]/div/div/div[1]/div/form[2]/div[1]/div/div/input[1]</arg>
</arguments>
<msg timestamp="20200309 16:21:14.375" level="INFO">Clicking element '//*[@id="main-layout"]/div/main/div/div/div/div/div/div[3]/div/div[2]/div/div/div[1]/div/form[2]/div[1]/div/div/input[1]'.</msg>
<status status="PASS" starttime="20200309 16:21:14.375" endtime="20200309 16:21:15.043"></status>
</kw>
<kw name="Click Element" library="Selenium2Library">
<doc>Click the element identified by ``locator``.</doc>
<arguments>
<arg>//td[@class='available']//span[contains(text(),'1')]</arg>
</arguments>
<msg timestamp="20200309 16:21:15.044" level="INFO">Clicking element '//td[@class='available']//span[contains(text(),'1')]'.</msg>
<status status="PASS" starttime="20200309 16:21:15.043" endtime="20200309 16:21:15.666"></status>
</kw>
<kw name="Click Element" library="Selenium2Library">
<doc>Click the element identified by ``locator``.</doc>
<arguments>
<arg>//td[@class='available']//span[contains(text(),'6')]</arg>
</arguments>
<msg timestamp="20200309 16:21:15.667" level="INFO">Clicking element '//td[@class='available']//span[contains(text(),'6')]'.</msg>
<status status="PASS" starttime="20200309 16:21:15.666" endtime="20200309 16:21:16.296"></status>
</kw>
<kw name="Click Element" library="Selenium2Library">
<doc>Click the element identified by ``locator``.</doc>
<arguments>
<arg>//*[@id="main-layout"]/div/main/div/div/div/div/div/div[3]/div/div[2]/div/div/div[1]/div/form[2]/div[2]/div/div/div[1]/span/span/i</arg>
</arguments>
<msg timestamp="20200309 16:21:16.297" level="INFO">Clicking element '//*[@id="main-layout"]/div/main/div/div/div/div/div/div[3]/div/div[2]/div/div/div[1]/div/form[2]/div[2]/div/div/div[1]/span/span/i'.</msg>
<status status="PASS" starttime="20200309 16:21:16.297" endtime="20200309 16:21:16.918"></status>
</kw>
<kw name="Press Keys" library="Selenium2Library">
<doc>Simulates the user pressing key(s) to an element or on the active browser.</doc>
<arguments>
<arg>tag=body</arg>
<arg>\\40</arg>
</arguments>
<msg timestamp="20200309 16:21:16.919" level="INFO">Sending key(s) ('\\40',) to tag=body element.</msg>
<msg timestamp="20200309 16:21:17.783" level="INFO">Sending keys \40</msg>
<status status="PASS" starttime="20200309 16:21:16.918" endtime="20200309 16:21:18.063"></status>
</kw>
<kw name="Click Element" library="Selenium2Library">
<doc>Click the element identified by ``locator``.</doc>
<arguments>
<arg>//*[@id="main-layout"]/div/main/div/div/div/div/div/div[3]/div/div[2]/div/div/div[1]/div/form[2]/div[3]/div/div/div/span/span/i</arg>
</arguments>
<msg timestamp="20200309 16:21:18.063" level="INFO">Clicking element '//*[@id="main-layout"]/div/main/div/div/div/div/div/div[3]/div/div[2]/div/div/div[1]/div/form[2]/div[3]/div/div/div/span/span/i'.</msg>
<status status="PASS" starttime="20200309 16:21:18.063" endtime="20200309 16:21:18.698"></status>
</kw>
<kw name="Click Element" library="Selenium2Library">
<doc>Click the element identified by ``locator``.</doc>
<arguments>
<arg>//div[5]//li[1]</arg>
</arguments>
<msg timestamp="20200309 16:21:18.698" level="INFO">Clicking element '//div[5]//li[1]'.</msg>
<status status="PASS" starttime="20200309 16:21:18.698" endtime="20200309 16:21:19.322"></status>
</kw>
<kw name="Press Keys" library="Selenium2Library">
<doc>Simulates the user pressing key(s) to an element or on the active browser.</doc>
<arguments>
<arg>tag=body</arg>
<arg>\\40</arg>
</arguments>
<msg timestamp="20200309 16:21:19.323" level="INFO">Sending key(s) ('\\40',) to tag=body element.</msg>
<msg timestamp="20200309 16:21:20.127" level="INFO">Sending keys \40</msg>
<status status="PASS" starttime="20200309 16:21:19.323" endtime="20200309 16:21:20.400"></status>
</kw>
<kw name="Sleep" library="BuiltIn">
<doc>Pauses the test executed for the given time.</doc>
<arguments>
<arg>2s</arg>
</arguments>
<msg timestamp="20200309 16:21:22.400" level="INFO">Slept 2 seconds</msg>
<status status="PASS" starttime="20200309 16:21:20.400" endtime="20200309 16:21:22.401"></status>
</kw>
<kw name="Input Text" library="Selenium2Library">
<doc>Types the given ``text`` into the text field identified by ``locator``.</doc>
<arguments>
<arg>//div[3]//div[1]//div[2]//div[1]//div[1]//div[1]//div[1]//form[2]//div[4]//div[1]//div[1]//div[1]//input[1]</arg>
<arg>Nuttapol Pechsiri</arg>
</arguments>
<msg timestamp="20200309 16:21:22.401" level="INFO">Typing text 'Nuttapol Pechsiri' into text field '//div[3]//div[1]//div[2]//div[1]//div[1]//div[1]//div[1]//form[2]//div[4]//div[1]//div[1]//div[1]//input[1]'.</msg>
<status status="PASS" starttime="20200309 16:21:22.401" endtime="20200309 16:21:23.583"></status>
</kw>
<kw name="Sleep" library="BuiltIn">
<doc>Pauses the test executed for the given time.</doc>
<arguments>
<arg>2s</arg>
</arguments>
<msg timestamp="20200309 16:21:25.583" level="INFO">Slept 2 seconds</msg>
<status status="PASS" starttime="20200309 16:21:23.583" endtime="20200309 16:21:25.584"></status>
</kw>
<kw name="Press Keys" library="Selenium2Library">
<doc>Simulates the user pressing key(s) to an element or on the active browser.</doc>
<arguments>
<arg>tag=body</arg>
<arg>\\40</arg>
</arguments>
<msg timestamp="20200309 16:21:25.584" level="INFO">Sending key(s) ('\\40',) to tag=body element.</msg>
<msg timestamp="20200309 16:21:26.426" level="INFO">Sending keys \40</msg>
<status status="PASS" starttime="20200309 16:21:25.584" endtime="20200309 16:21:26.703"></status>
</kw>
<kw name="Sleep" library="BuiltIn">
<doc>Pauses the test executed for the given time.</doc>
<arguments>
<arg>2s</arg>
</arguments>
<msg timestamp="20200309 16:21:28.705" level="INFO">Slept 2 seconds</msg>
<status status="PASS" starttime="20200309 16:21:26.704" endtime="20200309 16:21:28.706"></status>
</kw>
<kw name="Click Button" library="Selenium2Library">
<doc>Clicks the button identified by ``locator``.</doc>
<arguments>
<arg>//div[3]//div[1]//div[2]//div[1]//div[1]//div[2]//button[1]</arg>
</arguments>
<msg timestamp="20200309 16:21:28.706" level="INFO">Clicking button '//div[3]//div[1]//div[2]//div[1]//div[1]//div[2]//button[1]'.</msg>
<status status="PASS" starttime="20200309 16:21:28.706" endtime="20200309 16:21:30.183"></status>
</kw>
<kw name="Handle Alert" library="Selenium2Library">
<doc>Handles the current alert and returns its message.</doc>
<arguments>
<arg>timeout=10s</arg>
</arguments>
<status status="PASS" starttime="20200309 16:21:30.183" endtime="20200309 16:21:30.961"></status>
</kw>
<kw name="Sleep" library="BuiltIn">
<doc>Pauses the test executed for the given time.</doc>
<arguments>
<arg>2s</arg>
</arguments>
<msg timestamp="20200309 16:21:32.963" level="INFO">Slept 2 seconds</msg>
<status status="PASS" starttime="20200309 16:21:30.962" endtime="20200309 16:21:32.963"></status>
</kw>
<status status="PASS" starttime="20200309 16:21:13.110" endtime="20200309 16:21:32.963"></status>
</kw>
<kw name="Close All Browsers" library="Selenium2Library" type="teardown">
<doc>Closes all open browsers and resets the browser cache.</doc>
<status status="PASS" starttime="20200309 16:21:32.964" endtime="20200309 16:21:33.283"></status>
</kw>
<status status="PASS" starttime="20200309 16:21:04.051" endtime="20200309 16:21:33.283" critical="yes"></status>
</test>
<status status="PASS" starttime="20200309 16:21:03.813" endtime="20200309 16:21:33.285"></status>
</suite>
<statistics>
<total>
<stat pass="1" fail="0">Critical Tests</stat>
<stat pass="1" fail="0">All Tests</stat>
</total>
<tag>
</tag>
<suite>
<stat pass="1" fail="0" id="s1" name="Log">Log</stat>
</suite>
</statistics>
<errors>
</errors>
</robot>
