<?xml version="1.0" encoding="UTF-8"?>
<robot generator="Robot 3.1.2 (Python 3.8.1 on darwin)" generated="20200410 11:04:12.455" rpa="false">
<suite id="s1" name="Employee" source="/Users/n.pechsiri/Documents/Work/test-robot/test-faceid/employee/employee.robot">
<test id="s1-t1" name="Create Employee Success">
<kw name="Open Web emp.thingsconnext.co.th/login">
<kw name="Set Selenium Speed" library="Selenium2Library">
<doc>Sets the delay that is waited after each Selenium command.</doc>
<arguments>
<arg>0.25</arg>
</arguments>
<status status="PASS" starttime="20200410 11:04:12.637" endtime="20200410 11:04:12.637"></status>
</kw>
<kw name="Open Browser" library="Selenium2Library">
<doc>Opens a new browser instance to the optional ``url``.</doc>
<arguments>
<arg>${url}</arg>
<arg>${Browsers}</arg>
</arguments>
<msg timestamp="20200410 11:04:12.638" level="INFO">Opening browser 'chrome' to base url 'https://emp.thingsconnext.co.th/login'.</msg>
<status status="PASS" starttime="20200410 11:04:12.637" endtime="20200410 11:04:15.574"></status>
</kw>
<kw name="Maximize Browser Window" library="Selenium2Library">
<doc>Maximizes current browser window.</doc>
<status status="PASS" starttime="20200410 11:04:15.575" endtime="20200410 11:04:16.087"></status>
</kw>
<status status="PASS" starttime="20200410 11:04:12.637" endtime="20200410 11:04:16.087"></status>
</kw>
<kw name="Login Success">
<kw name="Input Text" library="Selenium2Library">
<doc>Types the given ``text`` into the text field identified by ``locator``.</doc>
<arguments>
<arg>//*[@id="app"]/div/div/div/div/div/div[2]/div/form/div[1]/div/div[1]/input</arg>
<arg>${user}</arg>
</arguments>
<msg timestamp="20200410 11:04:16.089" level="INFO">Typing text 'sqa2.ad' into text field '//*[@id="app"]/div/div/div/div/div/div[2]/div/form/div[1]/div/div[1]/input'.</msg>
<status status="PASS" starttime="20200410 11:04:16.088" endtime="20200410 11:04:17.046"></status>
</kw>
<kw name="Input Text" library="Selenium2Library">
<doc>Types the given ``text`` into the text field identified by ``locator``.</doc>
<arguments>
<arg>//*[@id="app"]/div/div/div/div/div/div[2]/div/form/div[2]/div/div[1]/input</arg>
<arg>${password}</arg>
</arguments>
<msg timestamp="20200410 11:04:17.047" level="INFO">Typing text 'hellosqa2ad' into text field '//*[@id="app"]/div/div/div/div/div/div[2]/div/form/div[2]/div/div[1]/input'.</msg>
<status status="PASS" starttime="20200410 11:04:17.046" endtime="20200410 11:04:17.977"></status>
</kw>
<kw name="Click Button" library="Selenium2Library">
<doc>Clicks the button identified by ``locator``.</doc>
<arguments>
<arg>//*[@id="app"]/div/div/div/div/div/div[2]/div/button</arg>
</arguments>
<msg timestamp="20200410 11:04:17.978" level="INFO">Clicking button '//*[@id="app"]/div/div/div/div/div/div[2]/div/button'.</msg>
<status status="PASS" starttime="20200410 11:04:17.977" endtime="20200410 11:04:19.382"></status>
</kw>
<status status="PASS" starttime="20200410 11:04:16.088" endtime="20200410 11:04:19.382"></status>
</kw>
<kw name="Click Employee">
<kw name="Click Button" library="Selenium2Library">
<doc>Clicks the button identified by ``locator``.</doc>
<arguments>
<arg>//*[@id="main-layout"]/div/main/div/div/div/div/div/div[1]/div[1]/div/div[2]/div[1]/button</arg>
</arguments>
<msg timestamp="20200410 11:04:19.384" level="INFO">Clicking button '//*[@id="main-layout"]/div/main/div/div/div/div/div/div[1]/div[1]/div/div[2]/div[1]/button'.</msg>
<kw name="Capture Page Screenshot" library="Selenium2Library">
<doc>Takes a screenshot of the current page and embeds it into a log file.</doc>
<msg timestamp="20200410 11:04:20.765" level="INFO" html="yes">&lt;/td&gt;&lt;/tr&gt;&lt;tr&gt;&lt;td colspan="3"&gt;&lt;a href="selenium-screenshot-1.png"&gt;&lt;img src="selenium-screenshot-1.png" width="800px"&gt;&lt;/a&gt;</msg>
<status status="PASS" starttime="20200410 11:04:19.940" endtime="20200410 11:04:20.765"></status>
</kw>
<msg timestamp="20200410 11:04:20.772" level="FAIL">Button with locator '//*[@id="main-layout"]/div/main/div/div/div/div/div/div[1]/div[1]/div/div[2]/div[1]/button' not found.</msg>
<status status="FAIL" starttime="20200410 11:04:19.383" endtime="20200410 11:04:20.772"></status>
</kw>
<status status="FAIL" starttime="20200410 11:04:19.382" endtime="20200410 11:04:20.772"></status>
</kw>
<kw name="Close All Browsers" library="Selenium2Library" type="teardown">
<doc>Closes all open browsers and resets the browser cache.</doc>
<status status="PASS" starttime="20200410 11:04:20.773" endtime="20200410 11:04:21.094"></status>
</kw>
<status status="FAIL" starttime="20200410 11:04:12.636" endtime="20200410 11:04:21.095" critical="yes">Button with locator '//*[@id="main-layout"]/div/main/div/div/div/div/div/div[1]/div[1]/div/div[2]/div[1]/button' not found.</status>
</test>
<status status="FAIL" starttime="20200410 11:04:12.457" endtime="20200410 11:04:21.096"></status>
</suite>
<statistics>
<total>
<stat pass="0" fail="1">Critical Tests</stat>
<stat pass="0" fail="1">All Tests</stat>
</total>
<tag>
</tag>
<suite>
<stat pass="0" fail="1" id="s1" name="Employee">Employee</stat>
</suite>
</statistics>
<errors>
</errors>
</robot>
