<?xml version="1.0" encoding="UTF-8"?>
<robot generator="Robot 3.1.2 (Python 3.8.1 on darwin)" generated="20200309 10:38:01.531" rpa="false">
<suite id="s1" name="Admin" source="/Users/n.pechsiri/Documents/Work/test-robot/test-faceid/admin/admin.robot">
<test id="s1-t1" name="Add Admin Success">
<kw name="Open Web emp.thingsconnext.co.th/login">
<kw name="Set Selenium Speed" library="Selenium2Library">
<doc>Sets the delay that is waited after each Selenium command.</doc>
<arguments>
<arg>0.25</arg>
</arguments>
<status status="PASS" starttime="20200309 10:38:01.749" endtime="20200309 10:38:01.749"></status>
</kw>
<kw name="Open Browser" library="Selenium2Library">
<doc>Opens a new browser instance to the optional ``url``.</doc>
<arguments>
<arg>${url}</arg>
<arg>${Browsers}</arg>
</arguments>
<msg timestamp="20200309 10:38:01.750" level="INFO">Opening browser 'chrome' to base url 'https://emp.thingsconnext.co.th/login'.</msg>
<status status="PASS" starttime="20200309 10:38:01.749" endtime="20200309 10:38:06.929"></status>
</kw>
<kw name="Maximize Browser Window" library="Selenium2Library">
<doc>Maximizes current browser window.</doc>
<status status="PASS" starttime="20200309 10:38:06.929" endtime="20200309 10:38:07.454"></status>
</kw>
<status status="PASS" starttime="20200309 10:38:01.749" endtime="20200309 10:38:07.454"></status>
</kw>
<kw name="Login Success">
<kw name="Input Text" library="Selenium2Library">
<doc>Types the given ``text`` into the text field identified by ``locator``.</doc>
<arguments>
<arg>//*[@id="app"]/div/div/div/div/div/div[2]/div/form/div[1]/div/div[1]/input</arg>
<arg>${user}</arg>
</arguments>
<msg timestamp="20200309 10:38:07.455" level="INFO">Typing text 'sqa2.ad' into text field '//*[@id="app"]/div/div/div/div/div/div[2]/div/form/div[1]/div/div[1]/input'.</msg>
<status status="PASS" starttime="20200309 10:38:07.455" endtime="20200309 10:38:08.402"></status>
</kw>
<kw name="Input Text" library="Selenium2Library">
<doc>Types the given ``text`` into the text field identified by ``locator``.</doc>
<arguments>
<arg>//*[@id="app"]/div/div/div/div/div/div[2]/div/form/div[2]/div/div[1]/input</arg>
<arg>${password}</arg>
</arguments>
<msg timestamp="20200309 10:38:08.402" level="INFO">Typing text 'hellosqa2ad' into text field '//*[@id="app"]/div/div/div/div/div/div[2]/div/form/div[2]/div/div[1]/input'.</msg>
<status status="PASS" starttime="20200309 10:38:08.402" endtime="20200309 10:38:09.360"></status>
</kw>
<kw name="Click Button" library="Selenium2Library">
<doc>Clicks the button identified by ``locator``.</doc>
<arguments>
<arg>//*[@id="app"]/div/div/div/div/div/div[2]/div/button</arg>
</arguments>
<msg timestamp="20200309 10:38:09.361" level="INFO">Clicking button '//*[@id="app"]/div/div/div/div/div/div[2]/div/button'.</msg>
<status status="PASS" starttime="20200309 10:38:09.361" endtime="20200309 10:38:10.748"></status>
</kw>
<kw name="Sleep" library="BuiltIn">
<doc>Pauses the test executed for the given time.</doc>
<arguments>
<arg>2s</arg>
</arguments>
<msg timestamp="20200309 10:38:12.748" level="INFO">Slept 2 seconds</msg>
<status status="PASS" starttime="20200309 10:38:10.748" endtime="20200309 10:38:12.749"></status>
</kw>
<status status="PASS" starttime="20200309 10:38:07.454" endtime="20200309 10:38:12.749"></status>
</kw>
<kw name="Add Admin Success">
<kw name="Click Element" library="Selenium2Library">
<doc>Click the element identified by ``locator``.</doc>
<arguments>
<arg>//*[@id="main-layout"]/div/aside/div[6]/div/a/div[2]</arg>
</arguments>
<msg timestamp="20200309 10:38:12.750" level="INFO">Clicking element '//*[@id="main-layout"]/div/aside/div[6]/div/a/div[2]'.</msg>
<kw name="Capture Page Screenshot" library="Selenium2Library">
<doc>Takes a screenshot of the current page and embeds it into a log file.</doc>
<msg timestamp="20200309 10:38:13.835" level="INFO" html="yes">&lt;/td&gt;&lt;/tr&gt;&lt;tr&gt;&lt;td colspan="3"&gt;&lt;a href="selenium-screenshot-21.png"&gt;&lt;img src="selenium-screenshot-21.png" width="800px"&gt;&lt;/a&gt;</msg>
<status status="PASS" starttime="20200309 10:38:13.017" endtime="20200309 10:38:13.835"></status>
</kw>
<msg timestamp="20200309 10:38:13.841" level="FAIL">Element with locator '//*[@id="main-layout"]/div/aside/div[6]/div/a/div[2]' not found.</msg>
<status status="FAIL" starttime="20200309 10:38:12.750" endtime="20200309 10:38:13.841"></status>
</kw>
<status status="FAIL" starttime="20200309 10:38:12.749" endtime="20200309 10:38:13.842"></status>
</kw>
<kw name="Close All Browsers" library="Selenium2Library" type="teardown">
<doc>Closes all open browsers and resets the browser cache.</doc>
<status status="PASS" starttime="20200309 10:38:13.842" endtime="20200309 10:38:14.159"></status>
</kw>
<status status="FAIL" starttime="20200309 10:38:01.748" endtime="20200309 10:38:14.159" critical="yes">Element with locator '//*[@id="main-layout"]/div/aside/div[6]/div/a/div[2]' not found.</status>
</test>
<test id="s1-t2" name="Search Success">
<kw name="Open Web emp.thingsconnext.co.th/login">
<kw name="Set Selenium Speed" library="Selenium2Library">
<doc>Sets the delay that is waited after each Selenium command.</doc>
<arguments>
<arg>0.25</arg>
</arguments>
<status status="PASS" starttime="20200309 10:38:14.163" endtime="20200309 10:38:14.163"></status>
</kw>
<kw name="Open Browser" library="Selenium2Library">
<doc>Opens a new browser instance to the optional ``url``.</doc>
<arguments>
<arg>${url}</arg>
<arg>${Browsers}</arg>
</arguments>
<msg timestamp="20200309 10:38:14.165" level="INFO">Opening browser 'chrome' to base url 'https://emp.thingsconnext.co.th/login'.</msg>
<status status="PASS" starttime="20200309 10:38:14.164" endtime="20200309 10:38:17.440"></status>
</kw>
<kw name="Maximize Browser Window" library="Selenium2Library">
<doc>Maximizes current browser window.</doc>
<status status="PASS" starttime="20200309 10:38:17.440" endtime="20200309 10:38:17.956"></status>
</kw>
<status status="PASS" starttime="20200309 10:38:14.162" endtime="20200309 10:38:17.956"></status>
</kw>
<kw name="Login Success">
<kw name="Input Text" library="Selenium2Library">
<doc>Types the given ``text`` into the text field identified by ``locator``.</doc>
<arguments>
<arg>//*[@id="app"]/div/div/div/div/div/div[2]/div/form/div[1]/div/div[1]/input</arg>
<arg>${user}</arg>
</arguments>
<msg timestamp="20200309 10:38:17.958" level="INFO">Typing text 'sqa2.ad' into text field '//*[@id="app"]/div/div/div/div/div/div[2]/div/form/div[1]/div/div[1]/input'.</msg>
<status status="PASS" starttime="20200309 10:38:17.958" endtime="20200309 10:38:18.882"></status>
</kw>
<kw name="Input Text" library="Selenium2Library">
<doc>Types the given ``text`` into the text field identified by ``locator``.</doc>
<arguments>
<arg>//*[@id="app"]/div/div/div/div/div/div[2]/div/form/div[2]/div/div[1]/input</arg>
<arg>${password}</arg>
</arguments>
<msg timestamp="20200309 10:38:18.882" level="INFO">Typing text 'hellosqa2ad' into text field '//*[@id="app"]/div/div/div/div/div/div[2]/div/form/div[2]/div/div[1]/input'.</msg>
<status status="PASS" starttime="20200309 10:38:18.882" endtime="20200309 10:38:19.805"></status>
</kw>
<kw name="Click Button" library="Selenium2Library">
<doc>Clicks the button identified by ``locator``.</doc>
<arguments>
<arg>//*[@id="app"]/div/div/div/div/div/div[2]/div/button</arg>
</arguments>
<msg timestamp="20200309 10:38:19.806" level="INFO">Clicking button '//*[@id="app"]/div/div/div/div/div/div[2]/div/button'.</msg>
<status status="PASS" starttime="20200309 10:38:19.805" endtime="20200309 10:38:21.214"></status>
</kw>
<kw name="Sleep" library="BuiltIn">
<doc>Pauses the test executed for the given time.</doc>
<arguments>
<arg>2s</arg>
</arguments>
<msg timestamp="20200309 10:38:23.216" level="INFO">Slept 2 seconds</msg>
<status status="PASS" starttime="20200309 10:38:21.214" endtime="20200309 10:38:23.216"></status>
</kw>
<status status="PASS" starttime="20200309 10:38:17.957" endtime="20200309 10:38:23.216"></status>
</kw>
<kw name="Input Search">
<kw name="Click Element" library="Selenium2Library">
<doc>Click the element identified by ``locator``.</doc>
<arguments>
<arg>//*[@id="main-layout"]/div/aside/div[6]/div/a/div[2]</arg>
</arguments>
<msg timestamp="20200309 10:38:23.218" level="INFO">Clicking element '//*[@id="main-layout"]/div/aside/div[6]/div/a/div[2]'.</msg>
<status status="PASS" starttime="20200309 10:38:23.217" endtime="20200309 10:38:23.870"></status>
</kw>
<kw name="Input Text" library="Selenium2Library">
<doc>Types the given ``text`` into the text field identified by ``locator``.</doc>
<arguments>
<arg>//*[@id="main-layout"]/div/main/div/div/div/div/div/div[1]/div[1]/div/div[2]/div[2]/div/input</arg>
<arg>sqa2@inet.co.th</arg>
</arguments>
<msg timestamp="20200309 10:38:23.871" level="INFO">Typing text 'sqa2@inet.co.th' into text field '//*[@id="main-layout"]/div/main/div/div/div/div/div/div[1]/div[1]/div/div[2]/div[2]/div/input'.</msg>
<status status="PASS" starttime="20200309 10:38:23.870" endtime="20200309 10:38:24.971"></status>
</kw>
<kw name="Sleep" library="BuiltIn">
<doc>Pauses the test executed for the given time.</doc>
<arguments>
<arg>2s</arg>
</arguments>
<msg timestamp="20200309 10:38:26.974" level="INFO">Slept 2 seconds</msg>
<status status="PASS" starttime="20200309 10:38:24.972" endtime="20200309 10:38:26.974"></status>
</kw>
<status status="PASS" starttime="20200309 10:38:23.217" endtime="20200309 10:38:26.975"></status>
</kw>
<kw name="Close All Browsers" library="Selenium2Library" type="teardown">
<doc>Closes all open browsers and resets the browser cache.</doc>
<status status="PASS" starttime="20200309 10:38:26.976" endtime="20200309 10:38:27.288"></status>
</kw>
<status status="PASS" starttime="20200309 10:38:14.161" endtime="20200309 10:38:27.288" critical="yes"></status>
</test>
<status status="FAIL" starttime="20200309 10:38:01.533" endtime="20200309 10:38:27.290"></status>
</suite>
<statistics>
<total>
<stat pass="1" fail="1">Critical Tests</stat>
<stat pass="1" fail="1">All Tests</stat>
</total>
<tag>
</tag>
<suite>
<stat pass="1" fail="1" id="s1" name="Admin">Admin</stat>
</suite>
</statistics>
<errors>
</errors>
</robot>
